The system is: Linux - 4.4.0-158-generic - x86_64
Compiling the C compiler identification source file "CMakeCCompilerId.c" succeeded.
Compiler: /opt/gcc-linaro-6.5.0-2018.12-x86_64_aarch64-linux-gnu/bin/aarch64-linux-gnu-gcc 
Build flags: 
Id flags:  

The output was:
0


Compilation of the C compiler identification source "CMakeCCompilerId.c" produced "a.out"

The C compiler identification is GNU, found in "/data/qingpeng.liu/nfs/github/0912_ai_express_release/build/CMakeFiles/3.17.2/CompilerIdC/a.out"

Compiling the CXX compiler identification source file "CMakeCXXCompilerId.cpp" succeeded.
Compiler: /opt/gcc-linaro-6.5.0-2018.12-x86_64_aarch64-linux-gnu/bin/aarch64-linux-gnu-g++ 
Build flags: 
Id flags:  

The output was:
0


Compilation of the CXX compiler identification source "CMakeCXXCompilerId.cpp" produced "a.out"

The CXX compiler identification is GNU, found in "/data/qingpeng.liu/nfs/github/0912_ai_express_release/build/CMakeFiles/3.17.2/CompilerIdCXX/a.out"

Determining if the C compiler works passed with the following output:
Change Dir: /data/qingpeng.liu/nfs/github/0912_ai_express_release/build/CMakeFiles/CMakeTmp

Run Build Command(s):/usr/bin/ninja cmTC_328dd && [1/2] Building C object CMakeFiles/cmTC_328dd.dir/testCCompiler.c.o
[2/2] Linking C executable cmTC_328dd



Detecting C compiler ABI info compiled with the following output:
Change Dir: /data/qingpeng.liu/nfs/github/0912_ai_express_release/build/CMakeFiles/CMakeTmp

Run Build Command(s):/usr/bin/ninja cmTC_9eff4 && [1/2] Building C object CMakeFiles/cmTC_9eff4.dir/CMakeCCompilerABI.c.o
Using built-in specs.
COLLECT_GCC=/opt/gcc-linaro-6.5.0-2018.12-x86_64_aarch64-linux-gnu/bin/aarch64-linux-gnu-gcc
Target: aarch64-linux-gnu
Configured with: '/home/tcwg-buildslave/workspace/tcwg-make-release_1/snapshots/gcc.git~linaro-6.5-2018.12/configure' SHELL=/bin/bash --with-mpc=/home/tcwg-buildslave/workspace/tcwg-make-release_1/_build/builds/destdir/x86_64-unknown-linux-gnu --with-mpfr=/home/tcwg-buildslave/workspace/tcwg-make-release_1/_build/builds/destdir/x86_64-unknown-linux-gnu --with-gmp=/home/tcwg-buildslave/workspace/tcwg-make-release_1/_build/builds/destdir/x86_64-unknown-linux-gnu --with-gnu-as --with-gnu-ld --disable-libmudflap --enable-lto --enable-shared --without-included-gettext --enable-nls --with-system-zlib --disable-sjlj-exceptions --enable-gnu-unique-object --enable-linker-build-id --disable-libstdcxx-pch --enable-c99 --enable-clocale=gnu --enable-libstdcxx-debug --enable-long-long --with-cloog=no --with-ppl=no --with-isl=no --disable-multilib --enable-fix-cortex-a53-835769 --enable-fix-cortex-a53-843419 --with-arch=armv8-a --enable-threads=posix --enable-multiarch --enable-libstdcxx-time=yes --enable-gnu-indirect-function --with-build-sysroot=/home/tcwg-buildslave/workspace/tcwg-make-release_1/_build/sysroots/aarch64-linux-gnu --with-sysroot=/home/tcwg-buildslave/workspace/tcwg-make-release_1/_build/builds/destdir/x86_64-unknown-linux-gnu/aarch64-linux-gnu/libc --enable-checking=release --disable-bootstrap --enable-languages=c,c++,fortran,lto --build=x86_64-unknown-linux-gnu --host=x86_64-unknown-linux-gnu --target=aarch64-linux-gnu --prefix=/home/tcwg-buildslave/workspace/tcwg-make-release_1/_build/builds/destdir/x86_64-unknown-linux-gnu
Thread model: posix
gcc version 6.5.0 (Linaro GCC 6.5-2018.12) 
COLLECT_GCC_OPTIONS='-v' '-o' 'CMakeFiles/cmTC_9eff4.dir/CMakeCCompilerABI.c.o' '-c' '-march=armv8-a' '-mlittle-endian' '-mabi=lp64'
 /data/.system/opt/gcc-linaro-6.5.0-2018.12-x86_64_aarch64-linux-gnu/bin/../libexec/gcc/aarch64-linux-gnu/6.5.0/cc1 -quiet -v -imultiarch aarch64-linux-gnu -iprefix /data/.system/opt/gcc-linaro-6.5.0-2018.12-x86_64_aarch64-linux-gnu/bin/../lib/gcc/aarch64-linux-gnu/6.5.0/ -isysroot /data/.system/opt/gcc-linaro-6.5.0-2018.12-x86_64_aarch64-linux-gnu/bin/../aarch64-linux-gnu/libc /data/root/local/share/cmake-3.17/Modules/CMakeCCompilerABI.c -quiet -dumpbase CMakeCCompilerABI.c -march=armv8-a -mlittle-endian -mabi=lp64 -auxbase-strip CMakeFiles/cmTC_9eff4.dir/CMakeCCompilerABI.c.o -version -o /tmp/ccnPcvVb.s
GNU C11 (Linaro GCC 6.5-2018.12) version 6.5.0 (aarch64-linux-gnu)
	compiled by GNU C version 4.8.4, GMP version 6.1.0, MPFR version 3.1.4, MPC version 1.0.3, isl version none
GGC heuristics: --param ggc-min-expand=100 --param ggc-min-heapsize=131072
ignoring duplicate directory "/data/.system/opt/gcc-linaro-6.5.0-2018.12-x86_64_aarch64-linux-gnu/bin/../lib/gcc/../../lib/gcc/aarch64-linux-gnu/6.5.0/include"
ignoring nonexistent directory "/data/.system/opt/gcc-linaro-6.5.0-2018.12-x86_64_aarch64-linux-gnu/bin/../aarch64-linux-gnu/libc/usr/local/include/aarch64-linux-gnu"
ignoring nonexistent directory "/data/.system/opt/gcc-linaro-6.5.0-2018.12-x86_64_aarch64-linux-gnu/bin/../aarch64-linux-gnu/libc/usr/local/include"
ignoring duplicate directory "/data/.system/opt/gcc-linaro-6.5.0-2018.12-x86_64_aarch64-linux-gnu/bin/../lib/gcc/../../lib/gcc/aarch64-linux-gnu/6.5.0/include-fixed"
ignoring duplicate directory "/data/.system/opt/gcc-linaro-6.5.0-2018.12-x86_64_aarch64-linux-gnu/bin/../lib/gcc/../../lib/gcc/aarch64-linux-gnu/6.5.0/../../../../aarch64-linux-gnu/include"
ignoring nonexistent directory "/data/.system/opt/gcc-linaro-6.5.0-2018.12-x86_64_aarch64-linux-gnu/bin/../aarch64-linux-gnu/libc/usr/include/aarch64-linux-gnu"
#include "..." search starts here:
#include <...> search starts here:
 /data/.system/opt/gcc-linaro-6.5.0-2018.12-x86_64_aarch64-linux-gnu/bin/../lib/gcc/aarch64-linux-gnu/6.5.0/include
 /data/.system/opt/gcc-linaro-6.5.0-2018.12-x86_64_aarch64-linux-gnu/bin/../lib/gcc/aarch64-linux-gnu/6.5.0/include-fixed
 /data/.system/opt/gcc-linaro-6.5.0-2018.12-x86_64_aarch64-linux-gnu/bin/../lib/gcc/aarch64-linux-gnu/6.5.0/../../../../aarch64-linux-gnu/include
 /data/.system/opt/gcc-linaro-6.5.0-2018.12-x86_64_aarch64-linux-gnu/bin/../aarch64-linux-gnu/libc/usr/include
End of search list.
GNU C11 (Linaro GCC 6.5-2018.12) version 6.5.0 (aarch64-linux-gnu)
	compiled by GNU C version 4.8.4, GMP version 6.1.0, MPFR version 3.1.4, MPC version 1.0.3, isl version none
GGC heuristics: --param ggc-min-expand=100 --param ggc-min-heapsize=131072
Compiler executable checksum: 1d507b21d0e1c773c502ffae6623df76
COLLECT_GCC_OPTIONS='-v' '-o' 'CMakeFiles/cmTC_9eff4.dir/CMakeCCompilerABI.c.o' '-c' '-march=armv8-a' '-mlittle-endian' '-mabi=lp64'
 /data/.system/opt/gcc-linaro-6.5.0-2018.12-x86_64_aarch64-linux-gnu/bin/../lib/gcc/aarch64-linux-gnu/6.5.0/../../../../aarch64-linux-gnu/bin/as -v -EL -march=armv8-a -mabi=lp64 -o CMakeFiles/cmTC_9eff4.dir/CMakeCCompilerABI.c.o /tmp/ccnPcvVb.s
GNU assembler version 2.27.0 (aarch64-linux-gnu) using BFD version (Linaro_Binutils-2018.12) 2.27.0.20161229
COMPILER_PATH=/data/.system/opt/gcc-linaro-6.5.0-2018.12-x86_64_aarch64-linux-gnu/bin/../libexec/gcc/aarch64-linux-gnu/6.5.0/:/data/.system/opt/gcc-linaro-6.5.0-2018.12-x86_64_aarch64-linux-gnu/bin/../libexec/gcc/aarch64-linux-gnu/:/data/.system/opt/gcc-linaro-6.5.0-2018.12-x86_64_aarch64-linux-gnu/bin/../libexec/gcc/:/data/.system/opt/gcc-linaro-6.5.0-2018.12-x86_64_aarch64-linux-gnu/bin/../lib/gcc/aarch64-linux-gnu/6.5.0/../../../../aarch64-linux-gnu/bin/
LIBRARY_PATH=/data/.system/opt/gcc-linaro-6.5.0-2018.12-x86_64_aarch64-linux-gnu/bin/../lib/gcc/aarch64-linux-gnu/6.5.0/:/data/.system/opt/gcc-linaro-6.5.0-2018.12-x86_64_aarch64-linux-gnu/bin/../lib/gcc/aarch64-linux-gnu/:/data/.system/opt/gcc-linaro-6.5.0-2018.12-x86_64_aarch64-linux-gnu/bin/../lib/gcc/:/data/.system/opt/gcc-linaro-6.5.0-2018.12-x86_64_aarch64-linux-gnu/bin/../lib/gcc/aarch64-linux-gnu/6.5.0/../../../../aarch64-linux-gnu/lib/../lib64/:/data/.system/opt/gcc-linaro-6.5.0-2018.12-x86_64_aarch64-linux-gnu/bin/../lib/gcc/aarch64-linux-gnu/6.5.0/../../../../aarch64-linux-gnu/lib/:/data/.system/opt/gcc-linaro-6.5.0-2018.12-x86_64_aarch64-linux-gnu/bin/../aarch64-linux-gnu/libc/lib/:/data/.system/opt/gcc-linaro-6.5.0-2018.12-x86_64_aarch64-linux-gnu/bin/../aarch64-linux-gnu/libc/usr/lib/
COLLECT_GCC_OPTIONS='-v' '-o' 'CMakeFiles/cmTC_9eff4.dir/CMakeCCompilerABI.c.o' '-c' '-march=armv8-a' '-mlittle-endian' '-mabi=lp64'
[2/2] Linking C executable cmTC_9eff4
Using built-in specs.
COLLECT_GCC=/opt/gcc-linaro-6.5.0-2018.12-x86_64_aarch64-linux-gnu/bin/aarch64-linux-gnu-gcc
COLLECT_LTO_WRAPPER=/data/.system/opt/gcc-linaro-6.5.0-2018.12-x86_64_aarch64-linux-gnu/bin/../libexec/gcc/aarch64-linux-gnu/6.5.0/lto-wrapper
Target: aarch64-linux-gnu
Configured with: '/home/tcwg-buildslave/workspace/tcwg-make-release_1/snapshots/gcc.git~linaro-6.5-2018.12/configure' SHELL=/bin/bash --with-mpc=/home/tcwg-buildslave/workspace/tcwg-make-release_1/_build/builds/destdir/x86_64-unknown-linux-gnu --with-mpfr=/home/tcwg-buildslave/workspace/tcwg-make-release_1/_build/builds/destdir/x86_64-unknown-linux-gnu --with-gmp=/home/tcwg-buildslave/workspace/tcwg-make-release_1/_build/builds/destdir/x86_64-unknown-linux-gnu --with-gnu-as --with-gnu-ld --disable-libmudflap --enable-lto --enable-shared --without-included-gettext --enable-nls --with-system-zlib --disable-sjlj-exceptions --enable-gnu-unique-object --enable-linker-build-id --disable-libstdcxx-pch --enable-c99 --enable-clocale=gnu --enable-libstdcxx-debug --enable-long-long --with-cloog=no --with-ppl=no --with-isl=no --disable-multilib --enable-fix-cortex-a53-835769 --enable-fix-cortex-a53-843419 --with-arch=armv8-a --enable-threads=posix --enable-multiarch --enable-libstdcxx-time=yes --enable-gnu-indirect-function --with-build-sysroot=/home/tcwg-buildslave/workspace/tcwg-make-release_1/_build/sysroots/aarch64-linux-gnu --with-sysroot=/home/tcwg-buildslave/workspace/tcwg-make-release_1/_build/builds/destdir/x86_64-unknown-linux-gnu/aarch64-linux-gnu/libc --enable-checking=release --disable-bootstrap --enable-languages=c,c++,fortran,lto --build=x86_64-unknown-linux-gnu --host=x86_64-unknown-linux-gnu --target=aarch64-linux-gnu --prefix=/home/tcwg-buildslave/workspace/tcwg-make-release_1/_build/builds/destdir/x86_64-unknown-linux-gnu
Thread model: posix
gcc version 6.5.0 (Linaro GCC 6.5-2018.12) 
COMPILER_PATH=/data/.system/opt/gcc-linaro-6.5.0-2018.12-x86_64_aarch64-linux-gnu/bin/../libexec/gcc/aarch64-linux-gnu/6.5.0/:/data/.system/opt/gcc-linaro-6.5.0-2018.12-x86_64_aarch64-linux-gnu/bin/../libexec/gcc/aarch64-linux-gnu/:/data/.system/opt/gcc-linaro-6.5.0-2018.12-x86_64_aarch64-linux-gnu/bin/../libexec/gcc/:/data/.system/opt/gcc-linaro-6.5.0-2018.12-x86_64_aarch64-linux-gnu/bin/../lib/gcc/aarch64-linux-gnu/6.5.0/../../../../aarch64-linux-gnu/bin/
LIBRARY_PATH=/data/.system/opt/gcc-linaro-6.5.0-2018.12-x86_64_aarch64-linux-gnu/bin/../lib/gcc/aarch64-linux-gnu/6.5.0/:/data/.system/opt/gcc-linaro-6.5.0-2018.12-x86_64_aarch64-linux-gnu/bin/../lib/gcc/aarch64-linux-gnu/:/data/.system/opt/gcc-linaro-6.5.0-2018.12-x86_64_aarch64-linux-gnu/bin/../lib/gcc/:/data/.system/opt/gcc-linaro-6.5.0-2018.12-x86_64_aarch64-linux-gnu/bin/../lib/gcc/aarch64-linux-gnu/6.5.0/../../../../aarch64-linux-gnu/lib/../lib64/:/data/.system/opt/gcc-linaro-6.5.0-2018.12-x86_64_aarch64-linux-gnu/bin/../lib/gcc/aarch64-linux-gnu/6.5.0/../../../../aarch64-linux-gnu/lib/:/data/.system/opt/gcc-linaro-6.5.0-2018.12-x86_64_aarch64-linux-gnu/bin/../aarch64-linux-gnu/libc/lib/:/data/.system/opt/gcc-linaro-6.5.0-2018.12-x86_64_aarch64-linux-gnu/bin/../aarch64-linux-gnu/libc/usr/lib/
COLLECT_GCC_OPTIONS='-v' '-rdynamic' '-o' 'cmTC_9eff4' '-march=armv8-a' '-mlittle-endian' '-mabi=lp64'
 /data/.system/opt/gcc-linaro-6.5.0-2018.12-x86_64_aarch64-linux-gnu/bin/../libexec/gcc/aarch64-linux-gnu/6.5.0/collect2 -plugin /data/.system/opt/gcc-linaro-6.5.0-2018.12-x86_64_aarch64-linux-gnu/bin/../libexec/gcc/aarch64-linux-gnu/6.5.0/liblto_plugin.so -plugin-opt=/data/.system/opt/gcc-linaro-6.5.0-2018.12-x86_64_aarch64-linux-gnu/bin/../libexec/gcc/aarch64-linux-gnu/6.5.0/lto-wrapper -plugin-opt=-fresolution=/tmp/ccTeOrkc.res -plugin-opt=-pass-through=-lgcc -plugin-opt=-pass-through=-lgcc_s -plugin-opt=-pass-through=-lc -plugin-opt=-pass-through=-lgcc -plugin-opt=-pass-through=-lgcc_s --sysroot=/data/.system/opt/gcc-linaro-6.5.0-2018.12-x86_64_aarch64-linux-gnu/bin/../aarch64-linux-gnu/libc --build-id --eh-frame-hdr -export-dynamic -dynamic-linker /lib/ld-linux-aarch64.so.1 -X -EL -maarch64linux --fix-cortex-a53-835769 --fix-cortex-a53-843419 -o cmTC_9eff4 /data/.system/opt/gcc-linaro-6.5.0-2018.12-x86_64_aarch64-linux-gnu/bin/../aarch64-linux-gnu/libc/usr/lib/crt1.o /data/.system/opt/gcc-linaro-6.5.0-2018.12-x86_64_aarch64-linux-gnu/bin/../aarch64-linux-gnu/libc/usr/lib/crti.o /data/.system/opt/gcc-linaro-6.5.0-2018.12-x86_64_aarch64-linux-gnu/bin/../lib/gcc/aarch64-linux-gnu/6.5.0/crtbegin.o -L/data/.system/opt/gcc-linaro-6.5.0-2018.12-x86_64_aarch64-linux-gnu/bin/../lib/gcc/aarch64-linux-gnu/6.5.0 -L/data/.system/opt/gcc-linaro-6.5.0-2018.12-x86_64_aarch64-linux-gnu/bin/../lib/gcc/aarch64-linux-gnu -L/data/.system/opt/gcc-linaro-6.5.0-2018.12-x86_64_aarch64-linux-gnu/bin/../lib/gcc -L/data/.system/opt/gcc-linaro-6.5.0-2018.12-x86_64_aarch64-linux-gnu/bin/../lib/gcc/aarch64-linux-gnu/6.5.0/../../../../aarch64-linux-gnu/lib/../lib64 -L/data/.system/opt/gcc-linaro-6.5.0-2018.12-x86_64_aarch64-linux-gnu/bin/../lib/gcc/aarch64-linux-gnu/6.5.0/../../../../aarch64-linux-gnu/lib -L/data/.system/opt/gcc-linaro-6.5.0-2018.12-x86_64_aarch64-linux-gnu/bin/../aarch64-linux-gnu/libc/lib -L/data/.system/opt/gcc-linaro-6.5.0-2018.12-x86_64_aarch64-linux-gnu/bin/../aarch64-linux-gnu/libc/usr/lib CMakeFiles/cmTC_9eff4.dir/CMakeCCompilerABI.c.o -lgcc --as-needed -lgcc_s --no-as-needed -lc -lgcc --as-needed -lgcc_s --no-as-needed /data/.system/opt/gcc-linaro-6.5.0-2018.12-x86_64_aarch64-linux-gnu/bin/../lib/gcc/aarch64-linux-gnu/6.5.0/crtend.o /data/.system/opt/gcc-linaro-6.5.0-2018.12-x86_64_aarch64-linux-gnu/bin/../aarch64-linux-gnu/libc/usr/lib/crtn.o
COLLECT_GCC_OPTIONS='-v' '-rdynamic' '-o' 'cmTC_9eff4' '-march=armv8-a' '-mlittle-endian' '-mabi=lp64'



Parsed C implicit include dir info from above output: rv=done
  found start of include info
  found start of implicit include info
    add: [/data/.system/opt/gcc-linaro-6.5.0-2018.12-x86_64_aarch64-linux-gnu/bin/../lib/gcc/aarch64-linux-gnu/6.5.0/include]
    add: [/data/.system/opt/gcc-linaro-6.5.0-2018.12-x86_64_aarch64-linux-gnu/bin/../lib/gcc/aarch64-linux-gnu/6.5.0/include-fixed]
    add: [/data/.system/opt/gcc-linaro-6.5.0-2018.12-x86_64_aarch64-linux-gnu/bin/../lib/gcc/aarch64-linux-gnu/6.5.0/../../../../aarch64-linux-gnu/include]
    add: [/data/.system/opt/gcc-linaro-6.5.0-2018.12-x86_64_aarch64-linux-gnu/bin/../aarch64-linux-gnu/libc/usr/include]
  end of search list found
  collapse include dir [/data/.system/opt/gcc-linaro-6.5.0-2018.12-x86_64_aarch64-linux-gnu/bin/../lib/gcc/aarch64-linux-gnu/6.5.0/include] ==> [/data/.system/opt/gcc-linaro-6.5.0-2018.12-x86_64_aarch64-linux-gnu/lib/gcc/aarch64-linux-gnu/6.5.0/include]
  collapse include dir [/data/.system/opt/gcc-linaro-6.5.0-2018.12-x86_64_aarch64-linux-gnu/bin/../lib/gcc/aarch64-linux-gnu/6.5.0/include-fixed] ==> [/data/.system/opt/gcc-linaro-6.5.0-2018.12-x86_64_aarch64-linux-gnu/lib/gcc/aarch64-linux-gnu/6.5.0/include-fixed]
  collapse include dir [/data/.system/opt/gcc-linaro-6.5.0-2018.12-x86_64_aarch64-linux-gnu/bin/../lib/gcc/aarch64-linux-gnu/6.5.0/../../../../aarch64-linux-gnu/include] ==> [/data/.system/opt/gcc-linaro-6.5.0-2018.12-x86_64_aarch64-linux-gnu/aarch64-linux-gnu/include]
  collapse include dir [/data/.system/opt/gcc-linaro-6.5.0-2018.12-x86_64_aarch64-linux-gnu/bin/../aarch64-linux-gnu/libc/usr/include] ==> [/data/.system/opt/gcc-linaro-6.5.0-2018.12-x86_64_aarch64-linux-gnu/aarch64-linux-gnu/libc/usr/include]
  implicit include dirs: [/data/.system/opt/gcc-linaro-6.5.0-2018.12-x86_64_aarch64-linux-gnu/lib/gcc/aarch64-linux-gnu/6.5.0/include;/data/.system/opt/gcc-linaro-6.5.0-2018.12-x86_64_aarch64-linux-gnu/lib/gcc/aarch64-linux-gnu/6.5.0/include-fixed;/data/.system/opt/gcc-linaro-6.5.0-2018.12-x86_64_aarch64-linux-gnu/aarch64-linux-gnu/include;/data/.system/opt/gcc-linaro-6.5.0-2018.12-x86_64_aarch64-linux-gnu/aarch64-linux-gnu/libc/usr/include]


Parsed C implicit link information from above output:
  link line regex: [^( *|.*[/\])(ld|CMAKE_LINK_STARTFILE-NOTFOUND|([^/\]+-)?ld|collect2)[^/\]*( |$)]
  ignore line: [Change Dir: /data/qingpeng.liu/nfs/github/0912_ai_express_release/build/CMakeFiles/CMakeTmp]
  ignore line: []
  ignore line: [Run Build Command(s):/usr/bin/ninja cmTC_9eff4 && [1/2] Building C object CMakeFiles/cmTC_9eff4.dir/CMakeCCompilerABI.c.o]
  ignore line: [Using built-in specs.]
  ignore line: [COLLECT_GCC=/opt/gcc-linaro-6.5.0-2018.12-x86_64_aarch64-linux-gnu/bin/aarch64-linux-gnu-gcc]
  ignore line: [Target: aarch64-linux-gnu]
  ignore line: [Configured with: '/home/tcwg-buildslave/workspace/tcwg-make-release_1/snapshots/gcc.git~linaro-6.5-2018.12/configure' SHELL=/bin/bash --with-mpc=/home/tcwg-buildslave/workspace/tcwg-make-release_1/_build/builds/destdir/x86_64-unknown-linux-gnu --with-mpfr=/home/tcwg-buildslave/workspace/tcwg-make-release_1/_build/builds/destdir/x86_64-unknown-linux-gnu --with-gmp=/home/tcwg-buildslave/workspace/tcwg-make-release_1/_build/builds/destdir/x86_64-unknown-linux-gnu --with-gnu-as --with-gnu-ld --disable-libmudflap --enable-lto --enable-shared --without-included-gettext --enable-nls --with-system-zlib --disable-sjlj-exceptions --enable-gnu-unique-object --enable-linker-build-id --disable-libstdcxx-pch --enable-c99 --enable-clocale=gnu --enable-libstdcxx-debug --enable-long-long --with-cloog=no --with-ppl=no --with-isl=no --disable-multilib --enable-fix-cortex-a53-835769 --enable-fix-cortex-a53-843419 --with-arch=armv8-a --enable-threads=posix --enable-multiarch --enable-libstdcxx-time=yes --enable-gnu-indirect-function --with-build-sysroot=/home/tcwg-buildslave/workspace/tcwg-make-release_1/_build/sysroots/aarch64-linux-gnu --with-sysroot=/home/tcwg-buildslave/workspace/tcwg-make-release_1/_build/builds/destdir/x86_64-unknown-linux-gnu/aarch64-linux-gnu/libc --enable-checking=release --disable-bootstrap --enable-languages=c,c++,fortran,lto --build=x86_64-unknown-linux-gnu --host=x86_64-unknown-linux-gnu --target=aarch64-linux-gnu --prefix=/home/tcwg-buildslave/workspace/tcwg-make-release_1/_build/builds/destdir/x86_64-unknown-linux-gnu]
  ignore line: [Thread model: posix]
  ignore line: [gcc version 6.5.0 (Linaro GCC 6.5-2018.12) ]
  ignore line: [COLLECT_GCC_OPTIONS='-v' '-o' 'CMakeFiles/cmTC_9eff4.dir/CMakeCCompilerABI.c.o' '-c' '-march=armv8-a' '-mlittle-endian' '-mabi=lp64']
  ignore line: [ /data/.system/opt/gcc-linaro-6.5.0-2018.12-x86_64_aarch64-linux-gnu/bin/../libexec/gcc/aarch64-linux-gnu/6.5.0/cc1 -quiet -v -imultiarch aarch64-linux-gnu -iprefix /data/.system/opt/gcc-linaro-6.5.0-2018.12-x86_64_aarch64-linux-gnu/bin/../lib/gcc/aarch64-linux-gnu/6.5.0/ -isysroot /data/.system/opt/gcc-linaro-6.5.0-2018.12-x86_64_aarch64-linux-gnu/bin/../aarch64-linux-gnu/libc /data/root/local/share/cmake-3.17/Modules/CMakeCCompilerABI.c -quiet -dumpbase CMakeCCompilerABI.c -march=armv8-a -mlittle-endian -mabi=lp64 -auxbase-strip CMakeFiles/cmTC_9eff4.dir/CMakeCCompilerABI.c.o -version -o /tmp/ccnPcvVb.s]
  ignore line: [GNU C11 (Linaro GCC 6.5-2018.12) version 6.5.0 (aarch64-linux-gnu)]
  ignore line: [	compiled by GNU C version 4.8.4  GMP version 6.1.0  MPFR version 3.1.4  MPC version 1.0.3  isl version none]
  ignore line: [GGC heuristics: --param ggc-min-expand=100 --param ggc-min-heapsize=131072]
  ignore line: [ignoring duplicate directory "/data/.system/opt/gcc-linaro-6.5.0-2018.12-x86_64_aarch64-linux-gnu/bin/../lib/gcc/../../lib/gcc/aarch64-linux-gnu/6.5.0/include"]
  ignore line: [ignoring nonexistent directory "/data/.system/opt/gcc-linaro-6.5.0-2018.12-x86_64_aarch64-linux-gnu/bin/../aarch64-linux-gnu/libc/usr/local/include/aarch64-linux-gnu"]
  ignore line: [ignoring nonexistent directory "/data/.system/opt/gcc-linaro-6.5.0-2018.12-x86_64_aarch64-linux-gnu/bin/../aarch64-linux-gnu/libc/usr/local/include"]
  ignore line: [ignoring duplicate directory "/data/.system/opt/gcc-linaro-6.5.0-2018.12-x86_64_aarch64-linux-gnu/bin/../lib/gcc/../../lib/gcc/aarch64-linux-gnu/6.5.0/include-fixed"]
  ignore line: [ignoring duplicate directory "/data/.system/opt/gcc-linaro-6.5.0-2018.12-x86_64_aarch64-linux-gnu/bin/../lib/gcc/../../lib/gcc/aarch64-linux-gnu/6.5.0/../../../../aarch64-linux-gnu/include"]
  ignore line: [ignoring nonexistent directory "/data/.system/opt/gcc-linaro-6.5.0-2018.12-x86_64_aarch64-linux-gnu/bin/../aarch64-linux-gnu/libc/usr/include/aarch64-linux-gnu"]
  ignore line: [#include "..." search starts here:]
  ignore line: [#include <...> search starts here:]
  ignore line: [ /data/.system/opt/gcc-linaro-6.5.0-2018.12-x86_64_aarch64-linux-gnu/bin/../lib/gcc/aarch64-linux-gnu/6.5.0/include]
  ignore line: [ /data/.system/opt/gcc-linaro-6.5.0-2018.12-x86_64_aarch64-linux-gnu/bin/../lib/gcc/aarch64-linux-gnu/6.5.0/include-fixed]
  ignore line: [ /data/.system/opt/gcc-linaro-6.5.0-2018.12-x86_64_aarch64-linux-gnu/bin/../lib/gcc/aarch64-linux-gnu/6.5.0/../../../../aarch64-linux-gnu/include]
  ignore line: [ /data/.system/opt/gcc-linaro-6.5.0-2018.12-x86_64_aarch64-linux-gnu/bin/../aarch64-linux-gnu/libc/usr/include]
  ignore line: [End of search list.]
  ignore line: [GNU C11 (Linaro GCC 6.5-2018.12) version 6.5.0 (aarch64-linux-gnu)]
  ignore line: [	compiled by GNU C version 4.8.4  GMP version 6.1.0  MPFR version 3.1.4  MPC version 1.0.3  isl version none]
  ignore line: [GGC heuristics: --param ggc-min-expand=100 --param ggc-min-heapsize=131072]
  ignore line: [Compiler executable checksum: 1d507b21d0e1c773c502ffae6623df76]
  ignore line: [COLLECT_GCC_OPTIONS='-v' '-o' 'CMakeFiles/cmTC_9eff4.dir/CMakeCCompilerABI.c.o' '-c' '-march=armv8-a' '-mlittle-endian' '-mabi=lp64']
  ignore line: [ /data/.system/opt/gcc-linaro-6.5.0-2018.12-x86_64_aarch64-linux-gnu/bin/../lib/gcc/aarch64-linux-gnu/6.5.0/../../../../aarch64-linux-gnu/bin/as -v -EL -march=armv8-a -mabi=lp64 -o CMakeFiles/cmTC_9eff4.dir/CMakeCCompilerABI.c.o /tmp/ccnPcvVb.s]
  ignore line: [GNU assembler version 2.27.0 (aarch64-linux-gnu) using BFD version (Linaro_Binutils-2018.12) 2.27.0.20161229]
  ignore line: [COMPILER_PATH=/data/.system/opt/gcc-linaro-6.5.0-2018.12-x86_64_aarch64-linux-gnu/bin/../libexec/gcc/aarch64-linux-gnu/6.5.0/:/data/.system/opt/gcc-linaro-6.5.0-2018.12-x86_64_aarch64-linux-gnu/bin/../libexec/gcc/aarch64-linux-gnu/:/data/.system/opt/gcc-linaro-6.5.0-2018.12-x86_64_aarch64-linux-gnu/bin/../libexec/gcc/:/data/.system/opt/gcc-linaro-6.5.0-2018.12-x86_64_aarch64-linux-gnu/bin/../lib/gcc/aarch64-linux-gnu/6.5.0/../../../../aarch64-linux-gnu/bin/]
  ignore line: [LIBRARY_PATH=/data/.system/opt/gcc-linaro-6.5.0-2018.12-x86_64_aarch64-linux-gnu/bin/../lib/gcc/aarch64-linux-gnu/6.5.0/:/data/.system/opt/gcc-linaro-6.5.0-2018.12-x86_64_aarch64-linux-gnu/bin/../lib/gcc/aarch64-linux-gnu/:/data/.system/opt/gcc-linaro-6.5.0-2018.12-x86_64_aarch64-linux-gnu/bin/../lib/gcc/:/data/.system/opt/gcc-linaro-6.5.0-2018.12-x86_64_aarch64-linux-gnu/bin/../lib/gcc/aarch64-linux-gnu/6.5.0/../../../../aarch64-linux-gnu/lib/../lib64/:/data/.system/opt/gcc-linaro-6.5.0-2018.12-x86_64_aarch64-linux-gnu/bin/../lib/gcc/aarch64-linux-gnu/6.5.0/../../../../aarch64-linux-gnu/lib/:/data/.system/opt/gcc-linaro-6.5.0-2018.12-x86_64_aarch64-linux-gnu/bin/../aarch64-linux-gnu/libc/lib/:/data/.system/opt/gcc-linaro-6.5.0-2018.12-x86_64_aarch64-linux-gnu/bin/../aarch64-linux-gnu/libc/usr/lib/]
  ignore line: [COLLECT_GCC_OPTIONS='-v' '-o' 'CMakeFiles/cmTC_9eff4.dir/CMakeCCompilerABI.c.o' '-c' '-march=armv8-a' '-mlittle-endian' '-mabi=lp64']
  ignore line: [[2/2] Linking C executable cmTC_9eff4]
  ignore line: [Using built-in specs.]
  ignore line: [COLLECT_GCC=/opt/gcc-linaro-6.5.0-2018.12-x86_64_aarch64-linux-gnu/bin/aarch64-linux-gnu-gcc]
  ignore line: [COLLECT_LTO_WRAPPER=/data/.system/opt/gcc-linaro-6.5.0-2018.12-x86_64_aarch64-linux-gnu/bin/../libexec/gcc/aarch64-linux-gnu/6.5.0/lto-wrapper]
  ignore line: [Target: aarch64-linux-gnu]
  ignore line: [Configured with: '/home/tcwg-buildslave/workspace/tcwg-make-release_1/snapshots/gcc.git~linaro-6.5-2018.12/configure' SHELL=/bin/bash --with-mpc=/home/tcwg-buildslave/workspace/tcwg-make-release_1/_build/builds/destdir/x86_64-unknown-linux-gnu --with-mpfr=/home/tcwg-buildslave/workspace/tcwg-make-release_1/_build/builds/destdir/x86_64-unknown-linux-gnu --with-gmp=/home/tcwg-buildslave/workspace/tcwg-make-release_1/_build/builds/destdir/x86_64-unknown-linux-gnu --with-gnu-as --with-gnu-ld --disable-libmudflap --enable-lto --enable-shared --without-included-gettext --enable-nls --with-system-zlib --disable-sjlj-exceptions --enable-gnu-unique-object --enable-linker-build-id --disable-libstdcxx-pch --enable-c99 --enable-clocale=gnu --enable-libstdcxx-debug --enable-long-long --with-cloog=no --with-ppl=no --with-isl=no --disable-multilib --enable-fix-cortex-a53-835769 --enable-fix-cortex-a53-843419 --with-arch=armv8-a --enable-threads=posix --enable-multiarch --enable-libstdcxx-time=yes --enable-gnu-indirect-function --with-build-sysroot=/home/tcwg-buildslave/workspace/tcwg-make-release_1/_build/sysroots/aarch64-linux-gnu --with-sysroot=/home/tcwg-buildslave/workspace/tcwg-make-release_1/_build/builds/destdir/x86_64-unknown-linux-gnu/aarch64-linux-gnu/libc --enable-checking=release --disable-bootstrap --enable-languages=c,c++,fortran,lto --build=x86_64-unknown-linux-gnu --host=x86_64-unknown-linux-gnu --target=aarch64-linux-gnu --prefix=/home/tcwg-buildslave/workspace/tcwg-make-release_1/_build/builds/destdir/x86_64-unknown-linux-gnu]
  ignore line: [Thread model: posix]
  ignore line: [gcc version 6.5.0 (Linaro GCC 6.5-2018.12) ]
  ignore line: [COMPILER_PATH=/data/.system/opt/gcc-linaro-6.5.0-2018.12-x86_64_aarch64-linux-gnu/bin/../libexec/gcc/aarch64-linux-gnu/6.5.0/:/data/.system/opt/gcc-linaro-6.5.0-2018.12-x86_64_aarch64-linux-gnu/bin/../libexec/gcc/aarch64-linux-gnu/:/data/.system/opt/gcc-linaro-6.5.0-2018.12-x86_64_aarch64-linux-gnu/bin/../libexec/gcc/:/data/.system/opt/gcc-linaro-6.5.0-2018.12-x86_64_aarch64-linux-gnu/bin/../lib/gcc/aarch64-linux-gnu/6.5.0/../../../../aarch64-linux-gnu/bin/]
  ignore line: [LIBRARY_PATH=/data/.system/opt/gcc-linaro-6.5.0-2018.12-x86_64_aarch64-linux-gnu/bin/../lib/gcc/aarch64-linux-gnu/6.5.0/:/data/.system/opt/gcc-linaro-6.5.0-2018.12-x86_64_aarch64-linux-gnu/bin/../lib/gcc/aarch64-linux-gnu/:/data/.system/opt/gcc-linaro-6.5.0-2018.12-x86_64_aarch64-linux-gnu/bin/../lib/gcc/:/data/.system/opt/gcc-linaro-6.5.0-2018.12-x86_64_aarch64-linux-gnu/bin/../lib/gcc/aarch64-linux-gnu/6.5.0/../../../../aarch64-linux-gnu/lib/../lib64/:/data/.system/opt/gcc-linaro-6.5.0-2018.12-x86_64_aarch64-linux-gnu/bin/../lib/gcc/aarch64-linux-gnu/6.5.0/../../../../aarch64-linux-gnu/lib/:/data/.system/opt/gcc-linaro-6.5.0-2018.12-x86_64_aarch64-linux-gnu/bin/../aarch64-linux-gnu/libc/lib/:/data/.system/opt/gcc-linaro-6.5.0-2018.12-x86_64_aarch64-linux-gnu/bin/../aarch64-linux-gnu/libc/usr/lib/]
  ignore line: [COLLECT_GCC_OPTIONS='-v' '-rdynamic' '-o' 'cmTC_9eff4' '-march=armv8-a' '-mlittle-endian' '-mabi=lp64']
  link line: [ /data/.system/opt/gcc-linaro-6.5.0-2018.12-x86_64_aarch64-linux-gnu/bin/../libexec/gcc/aarch64-linux-gnu/6.5.0/collect2 -plugin /data/.system/opt/gcc-linaro-6.5.0-2018.12-x86_64_aarch64-linux-gnu/bin/../libexec/gcc/aarch64-linux-gnu/6.5.0/liblto_plugin.so -plugin-opt=/data/.system/opt/gcc-linaro-6.5.0-2018.12-x86_64_aarch64-linux-gnu/bin/../libexec/gcc/aarch64-linux-gnu/6.5.0/lto-wrapper -plugin-opt=-fresolution=/tmp/ccTeOrkc.res -plugin-opt=-pass-through=-lgcc -plugin-opt=-pass-through=-lgcc_s -plugin-opt=-pass-through=-lc -plugin-opt=-pass-through=-lgcc -plugin-opt=-pass-through=-lgcc_s --sysroot=/data/.system/opt/gcc-linaro-6.5.0-2018.12-x86_64_aarch64-linux-gnu/bin/../aarch64-linux-gnu/libc --build-id --eh-frame-hdr -export-dynamic -dynamic-linker /lib/ld-linux-aarch64.so.1 -X -EL -maarch64linux --fix-cortex-a53-835769 --fix-cortex-a53-843419 -o cmTC_9eff4 /data/.system/opt/gcc-linaro-6.5.0-2018.12-x86_64_aarch64-linux-gnu/bin/../aarch64-linux-gnu/libc/usr/lib/crt1.o /data/.system/opt/gcc-linaro-6.5.0-2018.12-x86_64_aarch64-linux-gnu/bin/../aarch64-linux-gnu/libc/usr/lib/crti.o /data/.system/opt/gcc-linaro-6.5.0-2018.12-x86_64_aarch64-linux-gnu/bin/../lib/gcc/aarch64-linux-gnu/6.5.0/crtbegin.o -L/data/.system/opt/gcc-linaro-6.5.0-2018.12-x86_64_aarch64-linux-gnu/bin/../lib/gcc/aarch64-linux-gnu/6.5.0 -L/data/.system/opt/gcc-linaro-6.5.0-2018.12-x86_64_aarch64-linux-gnu/bin/../lib/gcc/aarch64-linux-gnu -L/data/.system/opt/gcc-linaro-6.5.0-2018.12-x86_64_aarch64-linux-gnu/bin/../lib/gcc -L/data/.system/opt/gcc-linaro-6.5.0-2018.12-x86_64_aarch64-linux-gnu/bin/../lib/gcc/aarch64-linux-gnu/6.5.0/../../../../aarch64-linux-gnu/lib/../lib64 -L/data/.system/opt/gcc-linaro-6.5.0-2018.12-x86_64_aarch64-linux-gnu/bin/../lib/gcc/aarch64-linux-gnu/6.5.0/../../../../aarch64-linux-gnu/lib -L/data/.system/opt/gcc-linaro-6.5.0-2018.12-x86_64_aarch64-linux-gnu/bin/../aarch64-linux-gnu/libc/lib -L/data/.system/opt/gcc-linaro-6.5.0-2018.12-x86_64_aarch64-linux-gnu/bin/../aarch64-linux-gnu/libc/usr/lib CMakeFiles/cmTC_9eff4.dir/CMakeCCompilerABI.c.o -lgcc --as-needed -lgcc_s --no-as-needed -lc -lgcc --as-needed -lgcc_s --no-as-needed /data/.system/opt/gcc-linaro-6.5.0-2018.12-x86_64_aarch64-linux-gnu/bin/../lib/gcc/aarch64-linux-gnu/6.5.0/crtend.o /data/.system/opt/gcc-linaro-6.5.0-2018.12-x86_64_aarch64-linux-gnu/bin/../aarch64-linux-gnu/libc/usr/lib/crtn.o]
    arg [/data/.system/opt/gcc-linaro-6.5.0-2018.12-x86_64_aarch64-linux-gnu/bin/../libexec/gcc/aarch64-linux-gnu/6.5.0/collect2] ==> ignore
    arg [-plugin] ==> ignore
    arg [/data/.system/opt/gcc-linaro-6.5.0-2018.12-x86_64_aarch64-linux-gnu/bin/../libexec/gcc/aarch64-linux-gnu/6.5.0/liblto_plugin.so] ==> ignore
    arg [-plugin-opt=/data/.system/opt/gcc-linaro-6.5.0-2018.12-x86_64_aarch64-linux-gnu/bin/../libexec/gcc/aarch64-linux-gnu/6.5.0/lto-wrapper] ==> ignore
    arg [-plugin-opt=-fresolution=/tmp/ccTeOrkc.res] ==> ignore
    arg [-plugin-opt=-pass-through=-lgcc] ==> ignore
    arg [-plugin-opt=-pass-through=-lgcc_s] ==> ignore
    arg [-plugin-opt=-pass-through=-lc] ==> ignore
    arg [-plugin-opt=-pass-through=-lgcc] ==> ignore
    arg [-plugin-opt=-pass-through=-lgcc_s] ==> ignore
    arg [--sysroot=/data/.system/opt/gcc-linaro-6.5.0-2018.12-x86_64_aarch64-linux-gnu/bin/../aarch64-linux-gnu/libc] ==> ignore
    arg [--build-id] ==> ignore
    arg [--eh-frame-hdr] ==> ignore
    arg [-export-dynamic] ==> ignore
    arg [-dynamic-linker] ==> ignore
    arg [/lib/ld-linux-aarch64.so.1] ==> ignore
    arg [-X] ==> ignore
    arg [-EL] ==> ignore
    arg [-maarch64linux] ==> ignore
    arg [--fix-cortex-a53-835769] ==> ignore
    arg [--fix-cortex-a53-843419] ==> ignore
    arg [-o] ==> ignore
    arg [cmTC_9eff4] ==> ignore
    arg [/data/.system/opt/gcc-linaro-6.5.0-2018.12-x86_64_aarch64-linux-gnu/bin/../aarch64-linux-gnu/libc/usr/lib/crt1.o] ==> ignore
    arg [/data/.system/opt/gcc-linaro-6.5.0-2018.12-x86_64_aarch64-linux-gnu/bin/../aarch64-linux-gnu/libc/usr/lib/crti.o] ==> ignore
    arg [/data/.system/opt/gcc-linaro-6.5.0-2018.12-x86_64_aarch64-linux-gnu/bin/../lib/gcc/aarch64-linux-gnu/6.5.0/crtbegin.o] ==> ignore
    arg [-L/data/.system/opt/gcc-linaro-6.5.0-2018.12-x86_64_aarch64-linux-gnu/bin/../lib/gcc/aarch64-linux-gnu/6.5.0] ==> dir [/data/.system/opt/gcc-linaro-6.5.0-2018.12-x86_64_aarch64-linux-gnu/bin/../lib/gcc/aarch64-linux-gnu/6.5.0]
    arg [-L/data/.system/opt/gcc-linaro-6.5.0-2018.12-x86_64_aarch64-linux-gnu/bin/../lib/gcc/aarch64-linux-gnu] ==> dir [/data/.system/opt/gcc-linaro-6.5.0-2018.12-x86_64_aarch64-linux-gnu/bin/../lib/gcc/aarch64-linux-gnu]
    arg [-L/data/.system/opt/gcc-linaro-6.5.0-2018.12-x86_64_aarch64-linux-gnu/bin/../lib/gcc] ==> dir [/data/.system/opt/gcc-linaro-6.5.0-2018.12-x86_64_aarch64-linux-gnu/bin/../lib/gcc]
    arg [-L/data/.system/opt/gcc-linaro-6.5.0-2018.12-x86_64_aarch64-linux-gnu/bin/../lib/gcc/aarch64-linux-gnu/6.5.0/../../../../aarch64-linux-gnu/lib/../lib64] ==> dir [/data/.system/opt/gcc-linaro-6.5.0-2018.12-x86_64_aarch64-linux-gnu/bin/../lib/gcc/aarch64-linux-gnu/6.5.0/../../../../aarch64-linux-gnu/lib/../lib64]
    arg [-L/data/.system/opt/gcc-linaro-6.5.0-2018.12-x86_64_aarch64-linux-gnu/bin/../lib/gcc/aarch64-linux-gnu/6.5.0/../../../../aarch64-linux-gnu/lib] ==> dir [/data/.system/opt/gcc-linaro-6.5.0-2018.12-x86_64_aarch64-linux-gnu/bin/../lib/gcc/aarch64-linux-gnu/6.5.0/../../../../aarch64-linux-gnu/lib]
    arg [-L/data/.system/opt/gcc-linaro-6.5.0-2018.12-x86_64_aarch64-linux-gnu/bin/../aarch64-linux-gnu/libc/lib] ==> dir [/data/.system/opt/gcc-linaro-6.5.0-2018.12-x86_64_aarch64-linux-gnu/bin/../aarch64-linux-gnu/libc/lib]
    arg [-L/data/.system/opt/gcc-linaro-6.5.0-2018.12-x86_64_aarch64-linux-gnu/bin/../aarch64-linux-gnu/libc/usr/lib] ==> dir [/data/.system/opt/gcc-linaro-6.5.0-2018.12-x86_64_aarch64-linux-gnu/bin/../aarch64-linux-gnu/libc/usr/lib]
    arg [CMakeFiles/cmTC_9eff4.dir/CMakeCCompilerABI.c.o] ==> ignore
    arg [-lgcc] ==> lib [gcc]
    arg [--as-needed] ==> ignore
    arg [-lgcc_s] ==> lib [gcc_s]
    arg [--no-as-needed] ==> ignore
    arg [-lc] ==> lib [c]
    arg [-lgcc] ==> lib [gcc]
    arg [--as-needed] ==> ignore
    arg [-lgcc_s] ==> lib [gcc_s]
    arg [--no-as-needed] ==> ignore
    arg [/data/.system/opt/gcc-linaro-6.5.0-2018.12-x86_64_aarch64-linux-gnu/bin/../lib/gcc/aarch64-linux-gnu/6.5.0/crtend.o] ==> ignore
    arg [/data/.system/opt/gcc-linaro-6.5.0-2018.12-x86_64_aarch64-linux-gnu/bin/../aarch64-linux-gnu/libc/usr/lib/crtn.o] ==> ignore
  collapse library dir [/data/.system/opt/gcc-linaro-6.5.0-2018.12-x86_64_aarch64-linux-gnu/bin/../lib/gcc/aarch64-linux-gnu/6.5.0] ==> [/data/.system/opt/gcc-linaro-6.5.0-2018.12-x86_64_aarch64-linux-gnu/lib/gcc/aarch64-linux-gnu/6.5.0]
  collapse library dir [/data/.system/opt/gcc-linaro-6.5.0-2018.12-x86_64_aarch64-linux-gnu/bin/../lib/gcc/aarch64-linux-gnu] ==> [/data/.system/opt/gcc-linaro-6.5.0-2018.12-x86_64_aarch64-linux-gnu/lib/gcc/aarch64-linux-gnu]
  collapse library dir [/data/.system/opt/gcc-linaro-6.5.0-2018.12-x86_64_aarch64-linux-gnu/bin/../lib/gcc] ==> [/data/.system/opt/gcc-linaro-6.5.0-2018.12-x86_64_aarch64-linux-gnu/lib/gcc]
  collapse library dir [/data/.system/opt/gcc-linaro-6.5.0-2018.12-x86_64_aarch64-linux-gnu/bin/../lib/gcc/aarch64-linux-gnu/6.5.0/../../../../aarch64-linux-gnu/lib/../lib64] ==> [/data/.system/opt/gcc-linaro-6.5.0-2018.12-x86_64_aarch64-linux-gnu/aarch64-linux-gnu/lib64]
  collapse library dir [/data/.system/opt/gcc-linaro-6.5.0-2018.12-x86_64_aarch64-linux-gnu/bin/../lib/gcc/aarch64-linux-gnu/6.5.0/../../../../aarch64-linux-gnu/lib] ==> [/data/.system/opt/gcc-linaro-6.5.0-2018.12-x86_64_aarch64-linux-gnu/aarch64-linux-gnu/lib]
  collapse library dir [/data/.system/opt/gcc-linaro-6.5.0-2018.12-x86_64_aarch64-linux-gnu/bin/../aarch64-linux-gnu/libc/lib] ==> [/data/.system/opt/gcc-linaro-6.5.0-2018.12-x86_64_aarch64-linux-gnu/aarch64-linux-gnu/libc/lib]
  collapse library dir [/data/.system/opt/gcc-linaro-6.5.0-2018.12-x86_64_aarch64-linux-gnu/bin/../aarch64-linux-gnu/libc/usr/lib] ==> [/data/.system/opt/gcc-linaro-6.5.0-2018.12-x86_64_aarch64-linux-gnu/aarch64-linux-gnu/libc/usr/lib]
  implicit libs: [gcc;gcc_s;c;gcc;gcc_s]
  implicit dirs: [/data/.system/opt/gcc-linaro-6.5.0-2018.12-x86_64_aarch64-linux-gnu/lib/gcc/aarch64-linux-gnu/6.5.0;/data/.system/opt/gcc-linaro-6.5.0-2018.12-x86_64_aarch64-linux-gnu/lib/gcc/aarch64-linux-gnu;/data/.system/opt/gcc-linaro-6.5.0-2018.12-x86_64_aarch64-linux-gnu/lib/gcc;/data/.system/opt/gcc-linaro-6.5.0-2018.12-x86_64_aarch64-linux-gnu/aarch64-linux-gnu/lib64;/data/.system/opt/gcc-linaro-6.5.0-2018.12-x86_64_aarch64-linux-gnu/aarch64-linux-gnu/lib;/data/.system/opt/gcc-linaro-6.5.0-2018.12-x86_64_aarch64-linux-gnu/aarch64-linux-gnu/libc/lib;/data/.system/opt/gcc-linaro-6.5.0-2018.12-x86_64_aarch64-linux-gnu/aarch64-linux-gnu/libc/usr/lib]
  implicit fwks: []


Determining if the CXX compiler works passed with the following output:
Change Dir: /data/qingpeng.liu/nfs/github/0912_ai_express_release/build/CMakeFiles/CMakeTmp

Run Build Command(s):/usr/bin/ninja cmTC_9b96e && [1/2] Building CXX object CMakeFiles/cmTC_9b96e.dir/testCXXCompiler.cxx.o
[2/2] Linking CXX executable cmTC_9b96e



Detecting CXX compiler ABI info compiled with the following output:
Change Dir: /data/qingpeng.liu/nfs/github/0912_ai_express_release/build/CMakeFiles/CMakeTmp

Run Build Command(s):/usr/bin/ninja cmTC_c8110 && [1/2] Building CXX object CMakeFiles/cmTC_c8110.dir/CMakeCXXCompilerABI.cpp.o
Using built-in specs.
COLLECT_GCC=/opt/gcc-linaro-6.5.0-2018.12-x86_64_aarch64-linux-gnu/bin/aarch64-linux-gnu-g++
Target: aarch64-linux-gnu
Configured with: '/home/tcwg-buildslave/workspace/tcwg-make-release_1/snapshots/gcc.git~linaro-6.5-2018.12/configure' SHELL=/bin/bash --with-mpc=/home/tcwg-buildslave/workspace/tcwg-make-release_1/_build/builds/destdir/x86_64-unknown-linux-gnu --with-mpfr=/home/tcwg-buildslave/workspace/tcwg-make-release_1/_build/builds/destdir/x86_64-unknown-linux-gnu --with-gmp=/home/tcwg-buildslave/workspace/tcwg-make-release_1/_build/builds/destdir/x86_64-unknown-linux-gnu --with-gnu-as --with-gnu-ld --disable-libmudflap --enable-lto --enable-shared --without-included-gettext --enable-nls --with-system-zlib --disable-sjlj-exceptions --enable-gnu-unique-object --enable-linker-build-id --disable-libstdcxx-pch --enable-c99 --enable-clocale=gnu --enable-libstdcxx-debug --enable-long-long --with-cloog=no --with-ppl=no --with-isl=no --disable-multilib --enable-fix-cortex-a53-835769 --enable-fix-cortex-a53-843419 --with-arch=armv8-a --enable-threads=posix --enable-multiarch --enable-libstdcxx-time=yes --enable-gnu-indirect-function --with-build-sysroot=/home/tcwg-buildslave/workspace/tcwg-make-release_1/_build/sysroots/aarch64-linux-gnu --with-sysroot=/home/tcwg-buildslave/workspace/tcwg-make-release_1/_build/builds/destdir/x86_64-unknown-linux-gnu/aarch64-linux-gnu/libc --enable-checking=release --disable-bootstrap --enable-languages=c,c++,fortran,lto --build=x86_64-unknown-linux-gnu --host=x86_64-unknown-linux-gnu --target=aarch64-linux-gnu --prefix=/home/tcwg-buildslave/workspace/tcwg-make-release_1/_build/builds/destdir/x86_64-unknown-linux-gnu
Thread model: posix
gcc version 6.5.0 (Linaro GCC 6.5-2018.12) 
COLLECT_GCC_OPTIONS='-v' '-o' 'CMakeFiles/cmTC_c8110.dir/CMakeCXXCompilerABI.cpp.o' '-c' '-shared-libgcc' '-march=armv8-a' '-mlittle-endian' '-mabi=lp64'
 /data/.system/opt/gcc-linaro-6.5.0-2018.12-x86_64_aarch64-linux-gnu/bin/../libexec/gcc/aarch64-linux-gnu/6.5.0/cc1plus -quiet -v -imultiarch aarch64-linux-gnu -iprefix /data/.system/opt/gcc-linaro-6.5.0-2018.12-x86_64_aarch64-linux-gnu/bin/../lib/gcc/aarch64-linux-gnu/6.5.0/ -isysroot /data/.system/opt/gcc-linaro-6.5.0-2018.12-x86_64_aarch64-linux-gnu/bin/../aarch64-linux-gnu/libc -D_GNU_SOURCE /data/root/local/share/cmake-3.17/Modules/CMakeCXXCompilerABI.cpp -quiet -dumpbase CMakeCXXCompilerABI.cpp -march=armv8-a -mlittle-endian -mabi=lp64 -auxbase-strip CMakeFiles/cmTC_c8110.dir/CMakeCXXCompilerABI.cpp.o -version -o /tmp/ccbVaIhl.s
GNU C++14 (Linaro GCC 6.5-2018.12) version 6.5.0 (aarch64-linux-gnu)
	compiled by GNU C version 4.8.4, GMP version 6.1.0, MPFR version 3.1.4, MPC version 1.0.3, isl version none
GGC heuristics: --param ggc-min-expand=100 --param ggc-min-heapsize=131072
ignoring duplicate directory "/data/.system/opt/gcc-linaro-6.5.0-2018.12-x86_64_aarch64-linux-gnu/bin/../lib/gcc/../../lib/gcc/aarch64-linux-gnu/6.5.0/../../../../aarch64-linux-gnu/include/c++/6.5.0"
ignoring duplicate directory "/data/.system/opt/gcc-linaro-6.5.0-2018.12-x86_64_aarch64-linux-gnu/bin/../lib/gcc/../../lib/gcc/aarch64-linux-gnu/6.5.0/../../../../aarch64-linux-gnu/include/c++/6.5.0/aarch64-linux-gnu"
ignoring duplicate directory "/data/.system/opt/gcc-linaro-6.5.0-2018.12-x86_64_aarch64-linux-gnu/bin/../lib/gcc/../../lib/gcc/aarch64-linux-gnu/6.5.0/../../../../aarch64-linux-gnu/include/c++/6.5.0/backward"
ignoring duplicate directory "/data/.system/opt/gcc-linaro-6.5.0-2018.12-x86_64_aarch64-linux-gnu/bin/../lib/gcc/../../lib/gcc/aarch64-linux-gnu/6.5.0/include"
ignoring nonexistent directory "/data/.system/opt/gcc-linaro-6.5.0-2018.12-x86_64_aarch64-linux-gnu/bin/../aarch64-linux-gnu/libc/usr/local/include/aarch64-linux-gnu"
ignoring nonexistent directory "/data/.system/opt/gcc-linaro-6.5.0-2018.12-x86_64_aarch64-linux-gnu/bin/../aarch64-linux-gnu/libc/usr/local/include"
ignoring duplicate directory "/data/.system/opt/gcc-linaro-6.5.0-2018.12-x86_64_aarch64-linux-gnu/bin/../lib/gcc/../../lib/gcc/aarch64-linux-gnu/6.5.0/include-fixed"
ignoring duplicate directory "/data/.system/opt/gcc-linaro-6.5.0-2018.12-x86_64_aarch64-linux-gnu/bin/../lib/gcc/../../lib/gcc/aarch64-linux-gnu/6.5.0/../../../../aarch64-linux-gnu/include"
ignoring nonexistent directory "/data/.system/opt/gcc-linaro-6.5.0-2018.12-x86_64_aarch64-linux-gnu/bin/../aarch64-linux-gnu/libc/usr/include/aarch64-linux-gnu"
#include "..." search starts here:
#include <...> search starts here:
 /data/.system/opt/gcc-linaro-6.5.0-2018.12-x86_64_aarch64-linux-gnu/bin/../lib/gcc/aarch64-linux-gnu/6.5.0/../../../../aarch64-linux-gnu/include/c++/6.5.0
 /data/.system/opt/gcc-linaro-6.5.0-2018.12-x86_64_aarch64-linux-gnu/bin/../lib/gcc/aarch64-linux-gnu/6.5.0/../../../../aarch64-linux-gnu/include/c++/6.5.0/aarch64-linux-gnu
 /data/.system/opt/gcc-linaro-6.5.0-2018.12-x86_64_aarch64-linux-gnu/bin/../lib/gcc/aarch64-linux-gnu/6.5.0/../../../../aarch64-linux-gnu/include/c++/6.5.0/backward
 /data/.system/opt/gcc-linaro-6.5.0-2018.12-x86_64_aarch64-linux-gnu/bin/../lib/gcc/aarch64-linux-gnu/6.5.0/include
 /data/.system/opt/gcc-linaro-6.5.0-2018.12-x86_64_aarch64-linux-gnu/bin/../lib/gcc/aarch64-linux-gnu/6.5.0/include-fixed
 /data/.system/opt/gcc-linaro-6.5.0-2018.12-x86_64_aarch64-linux-gnu/bin/../lib/gcc/aarch64-linux-gnu/6.5.0/../../../../aarch64-linux-gnu/include
 /data/.system/opt/gcc-linaro-6.5.0-2018.12-x86_64_aarch64-linux-gnu/bin/../aarch64-linux-gnu/libc/usr/include
End of search list.
GNU C++14 (Linaro GCC 6.5-2018.12) version 6.5.0 (aarch64-linux-gnu)
	compiled by GNU C version 4.8.4, GMP version 6.1.0, MPFR version 3.1.4, MPC version 1.0.3, isl version none
GGC heuristics: --param ggc-min-expand=100 --param ggc-min-heapsize=131072
Compiler executable checksum: decbb0d1fdf8f27b621dd5abd8f528b3
COLLECT_GCC_OPTIONS='-v' '-o' 'CMakeFiles/cmTC_c8110.dir/CMakeCXXCompilerABI.cpp.o' '-c' '-shared-libgcc' '-march=armv8-a' '-mlittle-endian' '-mabi=lp64'
 /data/.system/opt/gcc-linaro-6.5.0-2018.12-x86_64_aarch64-linux-gnu/bin/../lib/gcc/aarch64-linux-gnu/6.5.0/../../../../aarch64-linux-gnu/bin/as -v -EL -march=armv8-a -mabi=lp64 -o CMakeFiles/cmTC_c8110.dir/CMakeCXXCompilerABI.cpp.o /tmp/ccbVaIhl.s
GNU assembler version 2.27.0 (aarch64-linux-gnu) using BFD version (Linaro_Binutils-2018.12) 2.27.0.20161229
COMPILER_PATH=/data/.system/opt/gcc-linaro-6.5.0-2018.12-x86_64_aarch64-linux-gnu/bin/../libexec/gcc/aarch64-linux-gnu/6.5.0/:/data/.system/opt/gcc-linaro-6.5.0-2018.12-x86_64_aarch64-linux-gnu/bin/../libexec/gcc/aarch64-linux-gnu/:/data/.system/opt/gcc-linaro-6.5.0-2018.12-x86_64_aarch64-linux-gnu/bin/../libexec/gcc/:/data/.system/opt/gcc-linaro-6.5.0-2018.12-x86_64_aarch64-linux-gnu/bin/../lib/gcc/aarch64-linux-gnu/6.5.0/../../../../aarch64-linux-gnu/bin/
LIBRARY_PATH=/data/.system/opt/gcc-linaro-6.5.0-2018.12-x86_64_aarch64-linux-gnu/bin/../lib/gcc/aarch64-linux-gnu/6.5.0/:/data/.system/opt/gcc-linaro-6.5.0-2018.12-x86_64_aarch64-linux-gnu/bin/../lib/gcc/aarch64-linux-gnu/:/data/.system/opt/gcc-linaro-6.5.0-2018.12-x86_64_aarch64-linux-gnu/bin/../lib/gcc/:/data/.system/opt/gcc-linaro-6.5.0-2018.12-x86_64_aarch64-linux-gnu/bin/../lib/gcc/aarch64-linux-gnu/6.5.0/../../../../aarch64-linux-gnu/lib/../lib64/:/data/.system/opt/gcc-linaro-6.5.0-2018.12-x86_64_aarch64-linux-gnu/bin/../lib/gcc/aarch64-linux-gnu/6.5.0/../../../../aarch64-linux-gnu/lib/:/data/.system/opt/gcc-linaro-6.5.0-2018.12-x86_64_aarch64-linux-gnu/bin/../aarch64-linux-gnu/libc/lib/:/data/.system/opt/gcc-linaro-6.5.0-2018.12-x86_64_aarch64-linux-gnu/bin/../aarch64-linux-gnu/libc/usr/lib/
COLLECT_GCC_OPTIONS='-v' '-o' 'CMakeFiles/cmTC_c8110.dir/CMakeCXXCompilerABI.cpp.o' '-c' '-shared-libgcc' '-march=armv8-a' '-mlittle-endian' '-mabi=lp64'
[2/2] Linking CXX executable cmTC_c8110
Using built-in specs.
COLLECT_GCC=/opt/gcc-linaro-6.5.0-2018.12-x86_64_aarch64-linux-gnu/bin/aarch64-linux-gnu-g++
COLLECT_LTO_WRAPPER=/data/.system/opt/gcc-linaro-6.5.0-2018.12-x86_64_aarch64-linux-gnu/bin/../libexec/gcc/aarch64-linux-gnu/6.5.0/lto-wrapper
Target: aarch64-linux-gnu
Configured with: '/home/tcwg-buildslave/workspace/tcwg-make-release_1/snapshots/gcc.git~linaro-6.5-2018.12/configure' SHELL=/bin/bash --with-mpc=/home/tcwg-buildslave/workspace/tcwg-make-release_1/_build/builds/destdir/x86_64-unknown-linux-gnu --with-mpfr=/home/tcwg-buildslave/workspace/tcwg-make-release_1/_build/builds/destdir/x86_64-unknown-linux-gnu --with-gmp=/home/tcwg-buildslave/workspace/tcwg-make-release_1/_build/builds/destdir/x86_64-unknown-linux-gnu --with-gnu-as --with-gnu-ld --disable-libmudflap --enable-lto --enable-shared --without-included-gettext --enable-nls --with-system-zlib --disable-sjlj-exceptions --enable-gnu-unique-object --enable-linker-build-id --disable-libstdcxx-pch --enable-c99 --enable-clocale=gnu --enable-libstdcxx-debug --enable-long-long --with-cloog=no --with-ppl=no --with-isl=no --disable-multilib --enable-fix-cortex-a53-835769 --enable-fix-cortex-a53-843419 --with-arch=armv8-a --enable-threads=posix --enable-multiarch --enable-libstdcxx-time=yes --enable-gnu-indirect-function --with-build-sysroot=/home/tcwg-buildslave/workspace/tcwg-make-release_1/_build/sysroots/aarch64-linux-gnu --with-sysroot=/home/tcwg-buildslave/workspace/tcwg-make-release_1/_build/builds/destdir/x86_64-unknown-linux-gnu/aarch64-linux-gnu/libc --enable-checking=release --disable-bootstrap --enable-languages=c,c++,fortran,lto --build=x86_64-unknown-linux-gnu --host=x86_64-unknown-linux-gnu --target=aarch64-linux-gnu --prefix=/home/tcwg-buildslave/workspace/tcwg-make-release_1/_build/builds/destdir/x86_64-unknown-linux-gnu
Thread model: posix
gcc version 6.5.0 (Linaro GCC 6.5-2018.12) 
COMPILER_PATH=/data/.system/opt/gcc-linaro-6.5.0-2018.12-x86_64_aarch64-linux-gnu/bin/../libexec/gcc/aarch64-linux-gnu/6.5.0/:/data/.system/opt/gcc-linaro-6.5.0-2018.12-x86_64_aarch64-linux-gnu/bin/../libexec/gcc/aarch64-linux-gnu/:/data/.system/opt/gcc-linaro-6.5.0-2018.12-x86_64_aarch64-linux-gnu/bin/../libexec/gcc/:/data/.system/opt/gcc-linaro-6.5.0-2018.12-x86_64_aarch64-linux-gnu/bin/../lib/gcc/aarch64-linux-gnu/6.5.0/../../../../aarch64-linux-gnu/bin/
LIBRARY_PATH=/data/.system/opt/gcc-linaro-6.5.0-2018.12-x86_64_aarch64-linux-gnu/bin/../lib/gcc/aarch64-linux-gnu/6.5.0/:/data/.system/opt/gcc-linaro-6.5.0-2018.12-x86_64_aarch64-linux-gnu/bin/../lib/gcc/aarch64-linux-gnu/:/data/.system/opt/gcc-linaro-6.5.0-2018.12-x86_64_aarch64-linux-gnu/bin/../lib/gcc/:/data/.system/opt/gcc-linaro-6.5.0-2018.12-x86_64_aarch64-linux-gnu/bin/../lib/gcc/aarch64-linux-gnu/6.5.0/../../../../aarch64-linux-gnu/lib/../lib64/:/data/.system/opt/gcc-linaro-6.5.0-2018.12-x86_64_aarch64-linux-gnu/bin/../lib/gcc/aarch64-linux-gnu/6.5.0/../../../../aarch64-linux-gnu/lib/:/data/.system/opt/gcc-linaro-6.5.0-2018.12-x86_64_aarch64-linux-gnu/bin/../aarch64-linux-gnu/libc/lib/:/data/.system/opt/gcc-linaro-6.5.0-2018.12-x86_64_aarch64-linux-gnu/bin/../aarch64-linux-gnu/libc/usr/lib/
COLLECT_GCC_OPTIONS='-v' '-rdynamic' '-o' 'cmTC_c8110' '-shared-libgcc' '-march=armv8-a' '-mlittle-endian' '-mabi=lp64'
 /data/.system/opt/gcc-linaro-6.5.0-2018.12-x86_64_aarch64-linux-gnu/bin/../libexec/gcc/aarch64-linux-gnu/6.5.0/collect2 -plugin /data/.system/opt/gcc-linaro-6.5.0-2018.12-x86_64_aarch64-linux-gnu/bin/../libexec/gcc/aarch64-linux-gnu/6.5.0/liblto_plugin.so -plugin-opt=/data/.system/opt/gcc-linaro-6.5.0-2018.12-x86_64_aarch64-linux-gnu/bin/../libexec/gcc/aarch64-linux-gnu/6.5.0/lto-wrapper -plugin-opt=-fresolution=/tmp/ccpumKkj.res -plugin-opt=-pass-through=-lgcc_s -plugin-opt=-pass-through=-lgcc -plugin-opt=-pass-through=-lc -plugin-opt=-pass-through=-lgcc_s -plugin-opt=-pass-through=-lgcc --sysroot=/data/.system/opt/gcc-linaro-6.5.0-2018.12-x86_64_aarch64-linux-gnu/bin/../aarch64-linux-gnu/libc --build-id --eh-frame-hdr -export-dynamic -dynamic-linker /lib/ld-linux-aarch64.so.1 -X -EL -maarch64linux --fix-cortex-a53-835769 --fix-cortex-a53-843419 -o cmTC_c8110 /data/.system/opt/gcc-linaro-6.5.0-2018.12-x86_64_aarch64-linux-gnu/bin/../aarch64-linux-gnu/libc/usr/lib/crt1.o /data/.system/opt/gcc-linaro-6.5.0-2018.12-x86_64_aarch64-linux-gnu/bin/../aarch64-linux-gnu/libc/usr/lib/crti.o /data/.system/opt/gcc-linaro-6.5.0-2018.12-x86_64_aarch64-linux-gnu/bin/../lib/gcc/aarch64-linux-gnu/6.5.0/crtbegin.o -L/data/.system/opt/gcc-linaro-6.5.0-2018.12-x86_64_aarch64-linux-gnu/bin/../lib/gcc/aarch64-linux-gnu/6.5.0 -L/data/.system/opt/gcc-linaro-6.5.0-2018.12-x86_64_aarch64-linux-gnu/bin/../lib/gcc/aarch64-linux-gnu -L/data/.system/opt/gcc-linaro-6.5.0-2018.12-x86_64_aarch64-linux-gnu/bin/../lib/gcc -L/data/.system/opt/gcc-linaro-6.5.0-2018.12-x86_64_aarch64-linux-gnu/bin/../lib/gcc/aarch64-linux-gnu/6.5.0/../../../../aarch64-linux-gnu/lib/../lib64 -L/data/.system/opt/gcc-linaro-6.5.0-2018.12-x86_64_aarch64-linux-gnu/bin/../lib/gcc/aarch64-linux-gnu/6.5.0/../../../../aarch64-linux-gnu/lib -L/data/.system/opt/gcc-linaro-6.5.0-2018.12-x86_64_aarch64-linux-gnu/bin/../aarch64-linux-gnu/libc/lib -L/data/.system/opt/gcc-linaro-6.5.0-2018.12-x86_64_aarch64-linux-gnu/bin/../aarch64-linux-gnu/libc/usr/lib CMakeFiles/cmTC_c8110.dir/CMakeCXXCompilerABI.cpp.o -lstdc++ -lm -lgcc_s -lgcc -lc -lgcc_s -lgcc /data/.system/opt/gcc-linaro-6.5.0-2018.12-x86_64_aarch64-linux-gnu/bin/../lib/gcc/aarch64-linux-gnu/6.5.0/crtend.o /data/.system/opt/gcc-linaro-6.5.0-2018.12-x86_64_aarch64-linux-gnu/bin/../aarch64-linux-gnu/libc/usr/lib/crtn.o
COLLECT_GCC_OPTIONS='-v' '-rdynamic' '-o' 'cmTC_c8110' '-shared-libgcc' '-march=armv8-a' '-mlittle-endian' '-mabi=lp64'



Parsed CXX implicit include dir info from above output: rv=done
  found start of include info
  found start of implicit include info
    add: [/data/.system/opt/gcc-linaro-6.5.0-2018.12-x86_64_aarch64-linux-gnu/bin/../lib/gcc/aarch64-linux-gnu/6.5.0/../../../../aarch64-linux-gnu/include/c++/6.5.0]
    add: [/data/.system/opt/gcc-linaro-6.5.0-2018.12-x86_64_aarch64-linux-gnu/bin/../lib/gcc/aarch64-linux-gnu/6.5.0/../../../../aarch64-linux-gnu/include/c++/6.5.0/aarch64-linux-gnu]
    add: [/data/.system/opt/gcc-linaro-6.5.0-2018.12-x86_64_aarch64-linux-gnu/bin/../lib/gcc/aarch64-linux-gnu/6.5.0/../../../../aarch64-linux-gnu/include/c++/6.5.0/backward]
    add: [/data/.system/opt/gcc-linaro-6.5.0-2018.12-x86_64_aarch64-linux-gnu/bin/../lib/gcc/aarch64-linux-gnu/6.5.0/include]
    add: [/data/.system/opt/gcc-linaro-6.5.0-2018.12-x86_64_aarch64-linux-gnu/bin/../lib/gcc/aarch64-linux-gnu/6.5.0/include-fixed]
    add: [/data/.system/opt/gcc-linaro-6.5.0-2018.12-x86_64_aarch64-linux-gnu/bin/../lib/gcc/aarch64-linux-gnu/6.5.0/../../../../aarch64-linux-gnu/include]
    add: [/data/.system/opt/gcc-linaro-6.5.0-2018.12-x86_64_aarch64-linux-gnu/bin/../aarch64-linux-gnu/libc/usr/include]
  end of search list found
  collapse include dir [/data/.system/opt/gcc-linaro-6.5.0-2018.12-x86_64_aarch64-linux-gnu/bin/../lib/gcc/aarch64-linux-gnu/6.5.0/../../../../aarch64-linux-gnu/include/c++/6.5.0] ==> [/data/.system/opt/gcc-linaro-6.5.0-2018.12-x86_64_aarch64-linux-gnu/aarch64-linux-gnu/include/c++/6.5.0]
  collapse include dir [/data/.system/opt/gcc-linaro-6.5.0-2018.12-x86_64_aarch64-linux-gnu/bin/../lib/gcc/aarch64-linux-gnu/6.5.0/../../../../aarch64-linux-gnu/include/c++/6.5.0/aarch64-linux-gnu] ==> [/data/.system/opt/gcc-linaro-6.5.0-2018.12-x86_64_aarch64-linux-gnu/aarch64-linux-gnu/include/c++/6.5.0/aarch64-linux-gnu]
  collapse include dir [/data/.system/opt/gcc-linaro-6.5.0-2018.12-x86_64_aarch64-linux-gnu/bin/../lib/gcc/aarch64-linux-gnu/6.5.0/../../../../aarch64-linux-gnu/include/c++/6.5.0/backward] ==> [/data/.system/opt/gcc-linaro-6.5.0-2018.12-x86_64_aarch64-linux-gnu/aarch64-linux-gnu/include/c++/6.5.0/backward]
  collapse include dir [/data/.system/opt/gcc-linaro-6.5.0-2018.12-x86_64_aarch64-linux-gnu/bin/../lib/gcc/aarch64-linux-gnu/6.5.0/include] ==> [/data/.system/opt/gcc-linaro-6.5.0-2018.12-x86_64_aarch64-linux-gnu/lib/gcc/aarch64-linux-gnu/6.5.0/include]
  collapse include dir [/data/.system/opt/gcc-linaro-6.5.0-2018.12-x86_64_aarch64-linux-gnu/bin/../lib/gcc/aarch64-linux-gnu/6.5.0/include-fixed] ==> [/data/.system/opt/gcc-linaro-6.5.0-2018.12-x86_64_aarch64-linux-gnu/lib/gcc/aarch64-linux-gnu/6.5.0/include-fixed]
  collapse include dir [/data/.system/opt/gcc-linaro-6.5.0-2018.12-x86_64_aarch64-linux-gnu/bin/../lib/gcc/aarch64-linux-gnu/6.5.0/../../../../aarch64-linux-gnu/include] ==> [/data/.system/opt/gcc-linaro-6.5.0-2018.12-x86_64_aarch64-linux-gnu/aarch64-linux-gnu/include]
  collapse include dir [/data/.system/opt/gcc-linaro-6.5.0-2018.12-x86_64_aarch64-linux-gnu/bin/../aarch64-linux-gnu/libc/usr/include] ==> [/data/.system/opt/gcc-linaro-6.5.0-2018.12-x86_64_aarch64-linux-gnu/aarch64-linux-gnu/libc/usr/include]
  implicit include dirs: [/data/.system/opt/gcc-linaro-6.5.0-2018.12-x86_64_aarch64-linux-gnu/aarch64-linux-gnu/include/c++/6.5.0;/data/.system/opt/gcc-linaro-6.5.0-2018.12-x86_64_aarch64-linux-gnu/aarch64-linux-gnu/include/c++/6.5.0/aarch64-linux-gnu;/data/.system/opt/gcc-linaro-6.5.0-2018.12-x86_64_aarch64-linux-gnu/aarch64-linux-gnu/include/c++/6.5.0/backward;/data/.system/opt/gcc-linaro-6.5.0-2018.12-x86_64_aarch64-linux-gnu/lib/gcc/aarch64-linux-gnu/6.5.0/include;/data/.system/opt/gcc-linaro-6.5.0-2018.12-x86_64_aarch64-linux-gnu/lib/gcc/aarch64-linux-gnu/6.5.0/include-fixed;/data/.system/opt/gcc-linaro-6.5.0-2018.12-x86_64_aarch64-linux-gnu/aarch64-linux-gnu/include;/data/.system/opt/gcc-linaro-6.5.0-2018.12-x86_64_aarch64-linux-gnu/aarch64-linux-gnu/libc/usr/include]


Parsed CXX implicit link information from above output:
  link line regex: [^( *|.*[/\])(ld|CMAKE_LINK_STARTFILE-NOTFOUND|([^/\]+-)?ld|collect2)[^/\]*( |$)]
  ignore line: [Change Dir: /data/qingpeng.liu/nfs/github/0912_ai_express_release/build/CMakeFiles/CMakeTmp]
  ignore line: []
  ignore line: [Run Build Command(s):/usr/bin/ninja cmTC_c8110 && [1/2] Building CXX object CMakeFiles/cmTC_c8110.dir/CMakeCXXCompilerABI.cpp.o]
  ignore line: [Using built-in specs.]
  ignore line: [COLLECT_GCC=/opt/gcc-linaro-6.5.0-2018.12-x86_64_aarch64-linux-gnu/bin/aarch64-linux-gnu-g++]
  ignore line: [Target: aarch64-linux-gnu]
  ignore line: [Configured with: '/home/tcwg-buildslave/workspace/tcwg-make-release_1/snapshots/gcc.git~linaro-6.5-2018.12/configure' SHELL=/bin/bash --with-mpc=/home/tcwg-buildslave/workspace/tcwg-make-release_1/_build/builds/destdir/x86_64-unknown-linux-gnu --with-mpfr=/home/tcwg-buildslave/workspace/tcwg-make-release_1/_build/builds/destdir/x86_64-unknown-linux-gnu --with-gmp=/home/tcwg-buildslave/workspace/tcwg-make-release_1/_build/builds/destdir/x86_64-unknown-linux-gnu --with-gnu-as --with-gnu-ld --disable-libmudflap --enable-lto --enable-shared --without-included-gettext --enable-nls --with-system-zlib --disable-sjlj-exceptions --enable-gnu-unique-object --enable-linker-build-id --disable-libstdcxx-pch --enable-c99 --enable-clocale=gnu --enable-libstdcxx-debug --enable-long-long --with-cloog=no --with-ppl=no --with-isl=no --disable-multilib --enable-fix-cortex-a53-835769 --enable-fix-cortex-a53-843419 --with-arch=armv8-a --enable-threads=posix --enable-multiarch --enable-libstdcxx-time=yes --enable-gnu-indirect-function --with-build-sysroot=/home/tcwg-buildslave/workspace/tcwg-make-release_1/_build/sysroots/aarch64-linux-gnu --with-sysroot=/home/tcwg-buildslave/workspace/tcwg-make-release_1/_build/builds/destdir/x86_64-unknown-linux-gnu/aarch64-linux-gnu/libc --enable-checking=release --disable-bootstrap --enable-languages=c,c++,fortran,lto --build=x86_64-unknown-linux-gnu --host=x86_64-unknown-linux-gnu --target=aarch64-linux-gnu --prefix=/home/tcwg-buildslave/workspace/tcwg-make-release_1/_build/builds/destdir/x86_64-unknown-linux-gnu]
  ignore line: [Thread model: posix]
  ignore line: [gcc version 6.5.0 (Linaro GCC 6.5-2018.12) ]
  ignore line: [COLLECT_GCC_OPTIONS='-v' '-o' 'CMakeFiles/cmTC_c8110.dir/CMakeCXXCompilerABI.cpp.o' '-c' '-shared-libgcc' '-march=armv8-a' '-mlittle-endian' '-mabi=lp64']
  ignore line: [ /data/.system/opt/gcc-linaro-6.5.0-2018.12-x86_64_aarch64-linux-gnu/bin/../libexec/gcc/aarch64-linux-gnu/6.5.0/cc1plus -quiet -v -imultiarch aarch64-linux-gnu -iprefix /data/.system/opt/gcc-linaro-6.5.0-2018.12-x86_64_aarch64-linux-gnu/bin/../lib/gcc/aarch64-linux-gnu/6.5.0/ -isysroot /data/.system/opt/gcc-linaro-6.5.0-2018.12-x86_64_aarch64-linux-gnu/bin/../aarch64-linux-gnu/libc -D_GNU_SOURCE /data/root/local/share/cmake-3.17/Modules/CMakeCXXCompilerABI.cpp -quiet -dumpbase CMakeCXXCompilerABI.cpp -march=armv8-a -mlittle-endian -mabi=lp64 -auxbase-strip CMakeFiles/cmTC_c8110.dir/CMakeCXXCompilerABI.cpp.o -version -o /tmp/ccbVaIhl.s]
  ignore line: [GNU C++14 (Linaro GCC 6.5-2018.12) version 6.5.0 (aarch64-linux-gnu)]
  ignore line: [	compiled by GNU C version 4.8.4  GMP version 6.1.0  MPFR version 3.1.4  MPC version 1.0.3  isl version none]
  ignore line: [GGC heuristics: --param ggc-min-expand=100 --param ggc-min-heapsize=131072]
  ignore line: [ignoring duplicate directory "/data/.system/opt/gcc-linaro-6.5.0-2018.12-x86_64_aarch64-linux-gnu/bin/../lib/gcc/../../lib/gcc/aarch64-linux-gnu/6.5.0/../../../../aarch64-linux-gnu/include/c++/6.5.0"]
  ignore line: [ignoring duplicate directory "/data/.system/opt/gcc-linaro-6.5.0-2018.12-x86_64_aarch64-linux-gnu/bin/../lib/gcc/../../lib/gcc/aarch64-linux-gnu/6.5.0/../../../../aarch64-linux-gnu/include/c++/6.5.0/aarch64-linux-gnu"]
  ignore line: [ignoring duplicate directory "/data/.system/opt/gcc-linaro-6.5.0-2018.12-x86_64_aarch64-linux-gnu/bin/../lib/gcc/../../lib/gcc/aarch64-linux-gnu/6.5.0/../../../../aarch64-linux-gnu/include/c++/6.5.0/backward"]
  ignore line: [ignoring duplicate directory "/data/.system/opt/gcc-linaro-6.5.0-2018.12-x86_64_aarch64-linux-gnu/bin/../lib/gcc/../../lib/gcc/aarch64-linux-gnu/6.5.0/include"]
  ignore line: [ignoring nonexistent directory "/data/.system/opt/gcc-linaro-6.5.0-2018.12-x86_64_aarch64-linux-gnu/bin/../aarch64-linux-gnu/libc/usr/local/include/aarch64-linux-gnu"]
  ignore line: [ignoring nonexistent directory "/data/.system/opt/gcc-linaro-6.5.0-2018.12-x86_64_aarch64-linux-gnu/bin/../aarch64-linux-gnu/libc/usr/local/include"]
  ignore line: [ignoring duplicate directory "/data/.system/opt/gcc-linaro-6.5.0-2018.12-x86_64_aarch64-linux-gnu/bin/../lib/gcc/../../lib/gcc/aarch64-linux-gnu/6.5.0/include-fixed"]
  ignore line: [ignoring duplicate directory "/data/.system/opt/gcc-linaro-6.5.0-2018.12-x86_64_aarch64-linux-gnu/bin/../lib/gcc/../../lib/gcc/aarch64-linux-gnu/6.5.0/../../../../aarch64-linux-gnu/include"]
  ignore line: [ignoring nonexistent directory "/data/.system/opt/gcc-linaro-6.5.0-2018.12-x86_64_aarch64-linux-gnu/bin/../aarch64-linux-gnu/libc/usr/include/aarch64-linux-gnu"]
  ignore line: [#include "..." search starts here:]
  ignore line: [#include <...> search starts here:]
  ignore line: [ /data/.system/opt/gcc-linaro-6.5.0-2018.12-x86_64_aarch64-linux-gnu/bin/../lib/gcc/aarch64-linux-gnu/6.5.0/../../../../aarch64-linux-gnu/include/c++/6.5.0]
  ignore line: [ /data/.system/opt/gcc-linaro-6.5.0-2018.12-x86_64_aarch64-linux-gnu/bin/../lib/gcc/aarch64-linux-gnu/6.5.0/../../../../aarch64-linux-gnu/include/c++/6.5.0/aarch64-linux-gnu]
  ignore line: [ /data/.system/opt/gcc-linaro-6.5.0-2018.12-x86_64_aarch64-linux-gnu/bin/../lib/gcc/aarch64-linux-gnu/6.5.0/../../../../aarch64-linux-gnu/include/c++/6.5.0/backward]
  ignore line: [ /data/.system/opt/gcc-linaro-6.5.0-2018.12-x86_64_aarch64-linux-gnu/bin/../lib/gcc/aarch64-linux-gnu/6.5.0/include]
  ignore line: [ /data/.system/opt/gcc-linaro-6.5.0-2018.12-x86_64_aarch64-linux-gnu/bin/../lib/gcc/aarch64-linux-gnu/6.5.0/include-fixed]
  ignore line: [ /data/.system/opt/gcc-linaro-6.5.0-2018.12-x86_64_aarch64-linux-gnu/bin/../lib/gcc/aarch64-linux-gnu/6.5.0/../../../../aarch64-linux-gnu/include]
  ignore line: [ /data/.system/opt/gcc-linaro-6.5.0-2018.12-x86_64_aarch64-linux-gnu/bin/../aarch64-linux-gnu/libc/usr/include]
  ignore line: [End of search list.]
  ignore line: [GNU C++14 (Linaro GCC 6.5-2018.12) version 6.5.0 (aarch64-linux-gnu)]
  ignore line: [	compiled by GNU C version 4.8.4  GMP version 6.1.0  MPFR version 3.1.4  MPC version 1.0.3  isl version none]
  ignore line: [GGC heuristics: --param ggc-min-expand=100 --param ggc-min-heapsize=131072]
  ignore line: [Compiler executable checksum: decbb0d1fdf8f27b621dd5abd8f528b3]
  ignore line: [COLLECT_GCC_OPTIONS='-v' '-o' 'CMakeFiles/cmTC_c8110.dir/CMakeCXXCompilerABI.cpp.o' '-c' '-shared-libgcc' '-march=armv8-a' '-mlittle-endian' '-mabi=lp64']
  ignore line: [ /data/.system/opt/gcc-linaro-6.5.0-2018.12-x86_64_aarch64-linux-gnu/bin/../lib/gcc/aarch64-linux-gnu/6.5.0/../../../../aarch64-linux-gnu/bin/as -v -EL -march=armv8-a -mabi=lp64 -o CMakeFiles/cmTC_c8110.dir/CMakeCXXCompilerABI.cpp.o /tmp/ccbVaIhl.s]
  ignore line: [GNU assembler version 2.27.0 (aarch64-linux-gnu) using BFD version (Linaro_Binutils-2018.12) 2.27.0.20161229]
  ignore line: [COMPILER_PATH=/data/.system/opt/gcc-linaro-6.5.0-2018.12-x86_64_aarch64-linux-gnu/bin/../libexec/gcc/aarch64-linux-gnu/6.5.0/:/data/.system/opt/gcc-linaro-6.5.0-2018.12-x86_64_aarch64-linux-gnu/bin/../libexec/gcc/aarch64-linux-gnu/:/data/.system/opt/gcc-linaro-6.5.0-2018.12-x86_64_aarch64-linux-gnu/bin/../libexec/gcc/:/data/.system/opt/gcc-linaro-6.5.0-2018.12-x86_64_aarch64-linux-gnu/bin/../lib/gcc/aarch64-linux-gnu/6.5.0/../../../../aarch64-linux-gnu/bin/]
  ignore line: [LIBRARY_PATH=/data/.system/opt/gcc-linaro-6.5.0-2018.12-x86_64_aarch64-linux-gnu/bin/../lib/gcc/aarch64-linux-gnu/6.5.0/:/data/.system/opt/gcc-linaro-6.5.0-2018.12-x86_64_aarch64-linux-gnu/bin/../lib/gcc/aarch64-linux-gnu/:/data/.system/opt/gcc-linaro-6.5.0-2018.12-x86_64_aarch64-linux-gnu/bin/../lib/gcc/:/data/.system/opt/gcc-linaro-6.5.0-2018.12-x86_64_aarch64-linux-gnu/bin/../lib/gcc/aarch64-linux-gnu/6.5.0/../../../../aarch64-linux-gnu/lib/../lib64/:/data/.system/opt/gcc-linaro-6.5.0-2018.12-x86_64_aarch64-linux-gnu/bin/../lib/gcc/aarch64-linux-gnu/6.5.0/../../../../aarch64-linux-gnu/lib/:/data/.system/opt/gcc-linaro-6.5.0-2018.12-x86_64_aarch64-linux-gnu/bin/../aarch64-linux-gnu/libc/lib/:/data/.system/opt/gcc-linaro-6.5.0-2018.12-x86_64_aarch64-linux-gnu/bin/../aarch64-linux-gnu/libc/usr/lib/]
  ignore line: [COLLECT_GCC_OPTIONS='-v' '-o' 'CMakeFiles/cmTC_c8110.dir/CMakeCXXCompilerABI.cpp.o' '-c' '-shared-libgcc' '-march=armv8-a' '-mlittle-endian' '-mabi=lp64']
  ignore line: [[2/2] Linking CXX executable cmTC_c8110]
  ignore line: [Using built-in specs.]
  ignore line: [COLLECT_GCC=/opt/gcc-linaro-6.5.0-2018.12-x86_64_aarch64-linux-gnu/bin/aarch64-linux-gnu-g++]
  ignore line: [COLLECT_LTO_WRAPPER=/data/.system/opt/gcc-linaro-6.5.0-2018.12-x86_64_aarch64-linux-gnu/bin/../libexec/gcc/aarch64-linux-gnu/6.5.0/lto-wrapper]
  ignore line: [Target: aarch64-linux-gnu]
  ignore line: [Configured with: '/home/tcwg-buildslave/workspace/tcwg-make-release_1/snapshots/gcc.git~linaro-6.5-2018.12/configure' SHELL=/bin/bash --with-mpc=/home/tcwg-buildslave/workspace/tcwg-make-release_1/_build/builds/destdir/x86_64-unknown-linux-gnu --with-mpfr=/home/tcwg-buildslave/workspace/tcwg-make-release_1/_build/builds/destdir/x86_64-unknown-linux-gnu --with-gmp=/home/tcwg-buildslave/workspace/tcwg-make-release_1/_build/builds/destdir/x86_64-unknown-linux-gnu --with-gnu-as --with-gnu-ld --disable-libmudflap --enable-lto --enable-shared --without-included-gettext --enable-nls --with-system-zlib --disable-sjlj-exceptions --enable-gnu-unique-object --enable-linker-build-id --disable-libstdcxx-pch --enable-c99 --enable-clocale=gnu --enable-libstdcxx-debug --enable-long-long --with-cloog=no --with-ppl=no --with-isl=no --disable-multilib --enable-fix-cortex-a53-835769 --enable-fix-cortex-a53-843419 --with-arch=armv8-a --enable-threads=posix --enable-multiarch --enable-libstdcxx-time=yes --enable-gnu-indirect-function --with-build-sysroot=/home/tcwg-buildslave/workspace/tcwg-make-release_1/_build/sysroots/aarch64-linux-gnu --with-sysroot=/home/tcwg-buildslave/workspace/tcwg-make-release_1/_build/builds/destdir/x86_64-unknown-linux-gnu/aarch64-linux-gnu/libc --enable-checking=release --disable-bootstrap --enable-languages=c,c++,fortran,lto --build=x86_64-unknown-linux-gnu --host=x86_64-unknown-linux-gnu --target=aarch64-linux-gnu --prefix=/home/tcwg-buildslave/workspace/tcwg-make-release_1/_build/builds/destdir/x86_64-unknown-linux-gnu]
  ignore line: [Thread model: posix]
  ignore line: [gcc version 6.5.0 (Linaro GCC 6.5-2018.12) ]
  ignore line: [COMPILER_PATH=/data/.system/opt/gcc-linaro-6.5.0-2018.12-x86_64_aarch64-linux-gnu/bin/../libexec/gcc/aarch64-linux-gnu/6.5.0/:/data/.system/opt/gcc-linaro-6.5.0-2018.12-x86_64_aarch64-linux-gnu/bin/../libexec/gcc/aarch64-linux-gnu/:/data/.system/opt/gcc-linaro-6.5.0-2018.12-x86_64_aarch64-linux-gnu/bin/../libexec/gcc/:/data/.system/opt/gcc-linaro-6.5.0-2018.12-x86_64_aarch64-linux-gnu/bin/../lib/gcc/aarch64-linux-gnu/6.5.0/../../../../aarch64-linux-gnu/bin/]
  ignore line: [LIBRARY_PATH=/data/.system/opt/gcc-linaro-6.5.0-2018.12-x86_64_aarch64-linux-gnu/bin/../lib/gcc/aarch64-linux-gnu/6.5.0/:/data/.system/opt/gcc-linaro-6.5.0-2018.12-x86_64_aarch64-linux-gnu/bin/../lib/gcc/aarch64-linux-gnu/:/data/.system/opt/gcc-linaro-6.5.0-2018.12-x86_64_aarch64-linux-gnu/bin/../lib/gcc/:/data/.system/opt/gcc-linaro-6.5.0-2018.12-x86_64_aarch64-linux-gnu/bin/../lib/gcc/aarch64-linux-gnu/6.5.0/../../../../aarch64-linux-gnu/lib/../lib64/:/data/.system/opt/gcc-linaro-6.5.0-2018.12-x86_64_aarch64-linux-gnu/bin/../lib/gcc/aarch64-linux-gnu/6.5.0/../../../../aarch64-linux-gnu/lib/:/data/.system/opt/gcc-linaro-6.5.0-2018.12-x86_64_aarch64-linux-gnu/bin/../aarch64-linux-gnu/libc/lib/:/data/.system/opt/gcc-linaro-6.5.0-2018.12-x86_64_aarch64-linux-gnu/bin/../aarch64-linux-gnu/libc/usr/lib/]
  ignore line: [COLLECT_GCC_OPTIONS='-v' '-rdynamic' '-o' 'cmTC_c8110' '-shared-libgcc' '-march=armv8-a' '-mlittle-endian' '-mabi=lp64']
  link line: [ /data/.system/opt/gcc-linaro-6.5.0-2018.12-x86_64_aarch64-linux-gnu/bin/../libexec/gcc/aarch64-linux-gnu/6.5.0/collect2 -plugin /data/.system/opt/gcc-linaro-6.5.0-2018.12-x86_64_aarch64-linux-gnu/bin/../libexec/gcc/aarch64-linux-gnu/6.5.0/liblto_plugin.so -plugin-opt=/data/.system/opt/gcc-linaro-6.5.0-2018.12-x86_64_aarch64-linux-gnu/bin/../libexec/gcc/aarch64-linux-gnu/6.5.0/lto-wrapper -plugin-opt=-fresolution=/tmp/ccpumKkj.res -plugin-opt=-pass-through=-lgcc_s -plugin-opt=-pass-through=-lgcc -plugin-opt=-pass-through=-lc -plugin-opt=-pass-through=-lgcc_s -plugin-opt=-pass-through=-lgcc --sysroot=/data/.system/opt/gcc-linaro-6.5.0-2018.12-x86_64_aarch64-linux-gnu/bin/../aarch64-linux-gnu/libc --build-id --eh-frame-hdr -export-dynamic -dynamic-linker /lib/ld-linux-aarch64.so.1 -X -EL -maarch64linux --fix-cortex-a53-835769 --fix-cortex-a53-843419 -o cmTC_c8110 /data/.system/opt/gcc-linaro-6.5.0-2018.12-x86_64_aarch64-linux-gnu/bin/../aarch64-linux-gnu/libc/usr/lib/crt1.o /data/.system/opt/gcc-linaro-6.5.0-2018.12-x86_64_aarch64-linux-gnu/bin/../aarch64-linux-gnu/libc/usr/lib/crti.o /data/.system/opt/gcc-linaro-6.5.0-2018.12-x86_64_aarch64-linux-gnu/bin/../lib/gcc/aarch64-linux-gnu/6.5.0/crtbegin.o -L/data/.system/opt/gcc-linaro-6.5.0-2018.12-x86_64_aarch64-linux-gnu/bin/../lib/gcc/aarch64-linux-gnu/6.5.0 -L/data/.system/opt/gcc-linaro-6.5.0-2018.12-x86_64_aarch64-linux-gnu/bin/../lib/gcc/aarch64-linux-gnu -L/data/.system/opt/gcc-linaro-6.5.0-2018.12-x86_64_aarch64-linux-gnu/bin/../lib/gcc -L/data/.system/opt/gcc-linaro-6.5.0-2018.12-x86_64_aarch64-linux-gnu/bin/../lib/gcc/aarch64-linux-gnu/6.5.0/../../../../aarch64-linux-gnu/lib/../lib64 -L/data/.system/opt/gcc-linaro-6.5.0-2018.12-x86_64_aarch64-linux-gnu/bin/../lib/gcc/aarch64-linux-gnu/6.5.0/../../../../aarch64-linux-gnu/lib -L/data/.system/opt/gcc-linaro-6.5.0-2018.12-x86_64_aarch64-linux-gnu/bin/../aarch64-linux-gnu/libc/lib -L/data/.system/opt/gcc-linaro-6.5.0-2018.12-x86_64_aarch64-linux-gnu/bin/../aarch64-linux-gnu/libc/usr/lib CMakeFiles/cmTC_c8110.dir/CMakeCXXCompilerABI.cpp.o -lstdc++ -lm -lgcc_s -lgcc -lc -lgcc_s -lgcc /data/.system/opt/gcc-linaro-6.5.0-2018.12-x86_64_aarch64-linux-gnu/bin/../lib/gcc/aarch64-linux-gnu/6.5.0/crtend.o /data/.system/opt/gcc-linaro-6.5.0-2018.12-x86_64_aarch64-linux-gnu/bin/../aarch64-linux-gnu/libc/usr/lib/crtn.o]
    arg [/data/.system/opt/gcc-linaro-6.5.0-2018.12-x86_64_aarch64-linux-gnu/bin/../libexec/gcc/aarch64-linux-gnu/6.5.0/collect2] ==> ignore
    arg [-plugin] ==> ignore
    arg [/data/.system/opt/gcc-linaro-6.5.0-2018.12-x86_64_aarch64-linux-gnu/bin/../libexec/gcc/aarch64-linux-gnu/6.5.0/liblto_plugin.so] ==> ignore
    arg [-plugin-opt=/data/.system/opt/gcc-linaro-6.5.0-2018.12-x86_64_aarch64-linux-gnu/bin/../libexec/gcc/aarch64-linux-gnu/6.5.0/lto-wrapper] ==> ignore
    arg [-plugin-opt=-fresolution=/tmp/ccpumKkj.res] ==> ignore
    arg [-plugin-opt=-pass-through=-lgcc_s] ==> ignore
    arg [-plugin-opt=-pass-through=-lgcc] ==> ignore
    arg [-plugin-opt=-pass-through=-lc] ==> ignore
    arg [-plugin-opt=-pass-through=-lgcc_s] ==> ignore
    arg [-plugin-opt=-pass-through=-lgcc] ==> ignore
    arg [--sysroot=/data/.system/opt/gcc-linaro-6.5.0-2018.12-x86_64_aarch64-linux-gnu/bin/../aarch64-linux-gnu/libc] ==> ignore
    arg [--build-id] ==> ignore
    arg [--eh-frame-hdr] ==> ignore
    arg [-export-dynamic] ==> ignore
    arg [-dynamic-linker] ==> ignore
    arg [/lib/ld-linux-aarch64.so.1] ==> ignore
    arg [-X] ==> ignore
    arg [-EL] ==> ignore
    arg [-maarch64linux] ==> ignore
    arg [--fix-cortex-a53-835769] ==> ignore
    arg [--fix-cortex-a53-843419] ==> ignore
    arg [-o] ==> ignore
    arg [cmTC_c8110] ==> ignore
    arg [/data/.system/opt/gcc-linaro-6.5.0-2018.12-x86_64_aarch64-linux-gnu/bin/../aarch64-linux-gnu/libc/usr/lib/crt1.o] ==> ignore
    arg [/data/.system/opt/gcc-linaro-6.5.0-2018.12-x86_64_aarch64-linux-gnu/bin/../aarch64-linux-gnu/libc/usr/lib/crti.o] ==> ignore
    arg [/data/.system/opt/gcc-linaro-6.5.0-2018.12-x86_64_aarch64-linux-gnu/bin/../lib/gcc/aarch64-linux-gnu/6.5.0/crtbegin.o] ==> ignore
    arg [-L/data/.system/opt/gcc-linaro-6.5.0-2018.12-x86_64_aarch64-linux-gnu/bin/../lib/gcc/aarch64-linux-gnu/6.5.0] ==> dir [/data/.system/opt/gcc-linaro-6.5.0-2018.12-x86_64_aarch64-linux-gnu/bin/../lib/gcc/aarch64-linux-gnu/6.5.0]
    arg [-L/data/.system/opt/gcc-linaro-6.5.0-2018.12-x86_64_aarch64-linux-gnu/bin/../lib/gcc/aarch64-linux-gnu] ==> dir [/data/.system/opt/gcc-linaro-6.5.0-2018.12-x86_64_aarch64-linux-gnu/bin/../lib/gcc/aarch64-linux-gnu]
    arg [-L/data/.system/opt/gcc-linaro-6.5.0-2018.12-x86_64_aarch64-linux-gnu/bin/../lib/gcc] ==> dir [/data/.system/opt/gcc-linaro-6.5.0-2018.12-x86_64_aarch64-linux-gnu/bin/../lib/gcc]
    arg [-L/data/.system/opt/gcc-linaro-6.5.0-2018.12-x86_64_aarch64-linux-gnu/bin/../lib/gcc/aarch64-linux-gnu/6.5.0/../../../../aarch64-linux-gnu/lib/../lib64] ==> dir [/data/.system/opt/gcc-linaro-6.5.0-2018.12-x86_64_aarch64-linux-gnu/bin/../lib/gcc/aarch64-linux-gnu/6.5.0/../../../../aarch64-linux-gnu/lib/../lib64]
    arg [-L/data/.system/opt/gcc-linaro-6.5.0-2018.12-x86_64_aarch64-linux-gnu/bin/../lib/gcc/aarch64-linux-gnu/6.5.0/../../../../aarch64-linux-gnu/lib] ==> dir [/data/.system/opt/gcc-linaro-6.5.0-2018.12-x86_64_aarch64-linux-gnu/bin/../lib/gcc/aarch64-linux-gnu/6.5.0/../../../../aarch64-linux-gnu/lib]
    arg [-L/data/.system/opt/gcc-linaro-6.5.0-2018.12-x86_64_aarch64-linux-gnu/bin/../aarch64-linux-gnu/libc/lib] ==> dir [/data/.system/opt/gcc-linaro-6.5.0-2018.12-x86_64_aarch64-linux-gnu/bin/../aarch64-linux-gnu/libc/lib]
    arg [-L/data/.system/opt/gcc-linaro-6.5.0-2018.12-x86_64_aarch64-linux-gnu/bin/../aarch64-linux-gnu/libc/usr/lib] ==> dir [/data/.system/opt/gcc-linaro-6.5.0-2018.12-x86_64_aarch64-linux-gnu/bin/../aarch64-linux-gnu/libc/usr/lib]
    arg [CMakeFiles/cmTC_c8110.dir/CMakeCXXCompilerABI.cpp.o] ==> ignore
    arg [-lstdc++] ==> lib [stdc++]
    arg [-lm] ==> lib [m]
    arg [-lgcc_s] ==> lib [gcc_s]
    arg [-lgcc] ==> lib [gcc]
    arg [-lc] ==> lib [c]
    arg [-lgcc_s] ==> lib [gcc_s]
    arg [-lgcc] ==> lib [gcc]
    arg [/data/.system/opt/gcc-linaro-6.5.0-2018.12-x86_64_aarch64-linux-gnu/bin/../lib/gcc/aarch64-linux-gnu/6.5.0/crtend.o] ==> ignore
    arg [/data/.system/opt/gcc-linaro-6.5.0-2018.12-x86_64_aarch64-linux-gnu/bin/../aarch64-linux-gnu/libc/usr/lib/crtn.o] ==> ignore
  collapse library dir [/data/.system/opt/gcc-linaro-6.5.0-2018.12-x86_64_aarch64-linux-gnu/bin/../lib/gcc/aarch64-linux-gnu/6.5.0] ==> [/data/.system/opt/gcc-linaro-6.5.0-2018.12-x86_64_aarch64-linux-gnu/lib/gcc/aarch64-linux-gnu/6.5.0]
  collapse library dir [/data/.system/opt/gcc-linaro-6.5.0-2018.12-x86_64_aarch64-linux-gnu/bin/../lib/gcc/aarch64-linux-gnu] ==> [/data/.system/opt/gcc-linaro-6.5.0-2018.12-x86_64_aarch64-linux-gnu/lib/gcc/aarch64-linux-gnu]
  collapse library dir [/data/.system/opt/gcc-linaro-6.5.0-2018.12-x86_64_aarch64-linux-gnu/bin/../lib/gcc] ==> [/data/.system/opt/gcc-linaro-6.5.0-2018.12-x86_64_aarch64-linux-gnu/lib/gcc]
  collapse library dir [/data/.system/opt/gcc-linaro-6.5.0-2018.12-x86_64_aarch64-linux-gnu/bin/../lib/gcc/aarch64-linux-gnu/6.5.0/../../../../aarch64-linux-gnu/lib/../lib64] ==> [/data/.system/opt/gcc-linaro-6.5.0-2018.12-x86_64_aarch64-linux-gnu/aarch64-linux-gnu/lib64]
  collapse library dir [/data/.system/opt/gcc-linaro-6.5.0-2018.12-x86_64_aarch64-linux-gnu/bin/../lib/gcc/aarch64-linux-gnu/6.5.0/../../../../aarch64-linux-gnu/lib] ==> [/data/.system/opt/gcc-linaro-6.5.0-2018.12-x86_64_aarch64-linux-gnu/aarch64-linux-gnu/lib]
  collapse library dir [/data/.system/opt/gcc-linaro-6.5.0-2018.12-x86_64_aarch64-linux-gnu/bin/../aarch64-linux-gnu/libc/lib] ==> [/data/.system/opt/gcc-linaro-6.5.0-2018.12-x86_64_aarch64-linux-gnu/aarch64-linux-gnu/libc/lib]
  collapse library dir [/data/.system/opt/gcc-linaro-6.5.0-2018.12-x86_64_aarch64-linux-gnu/bin/../aarch64-linux-gnu/libc/usr/lib] ==> [/data/.system/opt/gcc-linaro-6.5.0-2018.12-x86_64_aarch64-linux-gnu/aarch64-linux-gnu/libc/usr/lib]
  implicit libs: [stdc++;m;gcc_s;gcc;c;gcc_s;gcc]
  implicit dirs: [/data/.system/opt/gcc-linaro-6.5.0-2018.12-x86_64_aarch64-linux-gnu/lib/gcc/aarch64-linux-gnu/6.5.0;/data/.system/opt/gcc-linaro-6.5.0-2018.12-x86_64_aarch64-linux-gnu/lib/gcc/aarch64-linux-gnu;/data/.system/opt/gcc-linaro-6.5.0-2018.12-x86_64_aarch64-linux-gnu/lib/gcc;/data/.system/opt/gcc-linaro-6.5.0-2018.12-x86_64_aarch64-linux-gnu/aarch64-linux-gnu/lib64;/data/.system/opt/gcc-linaro-6.5.0-2018.12-x86_64_aarch64-linux-gnu/aarch64-linux-gnu/lib;/data/.system/opt/gcc-linaro-6.5.0-2018.12-x86_64_aarch64-linux-gnu/aarch64-linux-gnu/libc/lib;/data/.system/opt/gcc-linaro-6.5.0-2018.12-x86_64_aarch64-linux-gnu/aarch64-linux-gnu/libc/usr/lib]
  implicit fwks: []


